------------------------------------------------------------------------------------------------------------------------

[2026-04-13 00:48:03 #1 store] 
Database 'C:\Users\everl\Documents\Estudios\Uni\2do Curso\2do Cuatrimestre\IS\Iteracion-1-IS\src\main\resources\products.temp' is opened by 26928@Ever

[2026-04-13 00:48:03 #2 type.registry] 
New type domain.User

[2026-04-13 00:48:03 #3 type.registry] 
New type domain.Seller

[2026-04-13 00:48:03 #4 type] 
Type domain.User is not enhanced.

[2026-04-13 00:48:03 #5 type] 
Type domain.Seller is not enhanced.

[2026-04-13 00:48:03 #6 type.registry] 
New type domain.Valoraciones

[2026-04-13 00:48:03 #7 type.registry] 
New type domain.Offer

[2026-04-13 00:48:03 #8 type.registry] 
New type domain.Sale

[2026-04-13 00:48:03 #9 type] 
Type domain.Valoraciones is not enhanced.

[2026-04-13 00:48:03 #10 type] 
Type domain.Offer is not enhanced.

[2026-04-13 00:48:03 #11 type.registry] 
New type domain.Solicitud

[2026-04-13 00:48:03 #12 type] 
Type domain.Sale is not enhanced.

[2026-04-13 00:48:03 #13 type] 
Type domain.Solicitud is not enhanced.

[2026-04-13 00:48:03 #14 type.registry] 
New type java.util.ArrayList<java.lang.Object>

[2026-04-13 00:48:03 #15 type.registry] 
New type java.util.ArrayList<domain.Sale>

[2026-04-13 00:48:03 #16 type.registry] 
New type java.util.ArrayList<domain.Offer>

[2026-04-13 00:48:03 #17 type.registry] 
New type java.util.ArrayList<domain.Valoraciones>

[2026-04-13 00:48:03 #18 type.registry] 
New type java.util.ArrayList<domain.Solicitud>

