------------------------------------------------------------------------------------------------------------------------

[2026-03-04 11:34:23 #1 store] 
Database 'C:\Users\Iker Lerga\Downloads\Market26\src\main\resources\products.temp' is opened by 18292@DESKTOP-DFS19DM

[2026-03-04 11:34:24 #2 type.registry] 
New type domain.Seller

[2026-03-04 11:34:24 #3 type] 
Type domain.Seller is not enhanced.

[2026-03-04 11:34:24 #4 type.registry] 
New type domain.Sale

[2026-03-04 11:34:24 #5 type] 
Type domain.Sale is not enhanced.

[2026-03-04 11:34:24 #6 type.registry] 
New type java.util.ArrayList<java.lang.Object>

[2026-03-04 11:34:24 #7 type.registry] 
New type java.util.ArrayList<domain.Sale>

------------------------------------------------------------------------------------------------------------------------

[2026-03-04 13:56:36 #1 store] 
Database 'C:\Users\Iker Lerga\Downloads\Market26\src\main\resources\products.temp' is opened by 33008@DESKTOP-DFS19DM

[2026-03-04 13:56:36 #2 type.registry] 
New type domain.Seller

[2026-03-04 13:56:36 #3 type] 
Type domain.Seller is not enhanced.

[2026-03-04 13:56:36 #4 type.registry] 
New type domain.Sale

[2026-03-04 13:56:36 #5 type] 
Type domain.Sale is not enhanced.

[2026-03-04 13:56:36 #6 type.registry] 
New type java.util.ArrayList<java.lang.Object>

[2026-03-04 13:56:36 #7 type.registry] 
New type java.util.ArrayList<domain.Sale>

------------------------------------------------------------------------------------------------------------------------

[2026-03-04 13:56:59 #1 store] 
Database 'C:\Users\Iker Lerga\Downloads\Market26\src\main\resources\products.temp' is opened by 28608@DESKTOP-DFS19DM

[2026-03-04 13:56:59 #2 type.registry] 
New type domain.Seller

[2026-03-04 13:56:59 #3 type] 
Type domain.Seller is not enhanced.

[2026-03-04 13:56:59 #4 type.registry] 
New type domain.Sale

[2026-03-04 13:56:59 #5 type] 
Type domain.Sale is not enhanced.

[2026-03-04 13:56:59 #6 type.registry] 
New type java.util.ArrayList<java.lang.Object>

[2026-03-04 13:56:59 #7 type.registry] 
New type java.util.ArrayList<domain.Sale>

------------------------------------------------------------------------------------------------------------------------

[2026-03-04 14:10:35 #1 store] 
Database 'C:\Users\Iker Lerga\Downloads\Market26\src\main\resources\products.temp' is opened by 24076@DESKTOP-DFS19DM

[2026-03-04 14:10:35 #2 type.registry] 
New type domain.Seller

[2026-03-04 14:10:35 #3 type] 
Type domain.Seller is not enhanced.

[2026-03-04 14:10:35 #4 type.registry] 
New type domain.Sale

[2026-03-04 14:10:35 #5 type] 
Type domain.Sale is not enhanced.

[2026-03-04 14:10:35 #6 type.registry] 
New type java.util.ArrayList<java.lang.Object>

[2026-03-04 14:10:35 #7 type.registry] 
New type java.util.ArrayList<domain.Sale>

------------------------------------------------------------------------------------------------------------------------

[2026-03-04 14:24:43 #1 store] 
Database 'C:\Users\Iker Lerga\Downloads\Market26\src\main\resources\products.temp' is opened by 31520@DESKTOP-DFS19DM

[2026-03-04 14:24:43 #2 type.registry] 
New type domain.Seller

[2026-03-04 14:24:43 #3 type] 
Type domain.Seller is not enhanced.

[2026-03-04 14:24:43 #4 type.registry] 
New type domain.Sale

[2026-03-04 14:24:43 #5 type] 
Type domain.Sale is not enhanced.

[2026-03-04 14:24:43 #6 type.registry] 
New type java.util.ArrayList<java.lang.Object>

[2026-03-04 14:24:43 #7 type.registry] 
New type java.util.ArrayList<domain.Sale>

------------------------------------------------------------------------------------------------------------------------

[2026-03-04 14:35:49 #1 store] 
Database 'C:\Users\Iker Lerga\Downloads\Market26\src\main\resources\products.temp' is opened by 29568@DESKTOP-DFS19DM

[2026-03-04 14:35:49 #2 type.registry] 
New type domain.Seller

[2026-03-04 14:35:49 #3 type] 
Type domain.Seller is not enhanced.

[2026-03-04 14:35:49 #4 type.registry] 
New type domain.Sale

[2026-03-04 14:35:49 #5 type] 
Type domain.Sale is not enhanced.

[2026-03-04 14:35:49 #6 type.registry] 
New type java.util.ArrayList<java.lang.Object>

[2026-03-04 14:35:49 #7 type.registry] 
New type java.util.ArrayList<domain.Sale>

------------------------------------------------------------------------------------------------------------------------

[2026-03-04 15:35:27 #1 store] 
Database 'C:\Users\Iker Lerga\Downloads\Market26\src\main\resources\products.temp' is opened by 32560@DESKTOP-DFS19DM

[2026-03-04 15:35:28 #2 type.registry] 
New type domain.Seller

[2026-03-04 15:35:28 #3 type] 
Type domain.Seller is not enhanced.

[2026-03-04 15:35:28 #4 type.registry] 
New type domain.Sale

[2026-03-04 15:35:28 #5 type] 
Type domain.Sale is not enhanced.

[2026-03-04 15:35:28 #6 type.registry] 
New type java.util.ArrayList<java.lang.Object>

[2026-03-04 15:35:28 #7 type.registry] 
New type java.util.ArrayList<domain.Sale>

------------------------------------------------------------------------------------------------------------------------

[2026-03-04 15:49:22 #1 store] 
Database 'C:\Users\Iker Lerga\Downloads\Market26\src\main\resources\products.temp' is opened by 17996@DESKTOP-DFS19DM

[2026-03-04 15:49:22 #2 type.registry] 
New type domain.Seller

[2026-03-04 15:49:22 #3 type] 
Type domain.Seller is not enhanced.

[2026-03-04 15:49:22 #4 type.registry] 
New type domain.Sale

[2026-03-04 15:49:22 #5 type] 
Type domain.Sale is not enhanced.

[2026-03-04 15:49:22 #6 type.registry] 
New type java.util.ArrayList<java.lang.Object>

[2026-03-04 15:49:22 #7 type.registry] 
New type java.util.ArrayList<domain.Sale>

[2026-03-04 15:49:38 #8 type.registry] 
New type domain.User

[2026-03-04 15:49:38 #9 type] 
Type domain.User is not enhanced.

------------------------------------------------------------------------------------------------------------------------

[2026-03-04 15:52:45 #1 store] 
Database 'C:\Users\Iker Lerga\Downloads\Market26\src\main\resources\products.temp' is opened by 28856@DESKTOP-DFS19DM

[2026-03-04 15:52:45 #2 type.registry] 
New type domain.Seller

[2026-03-04 15:52:45 #3 type] 
Type domain.Seller is not enhanced.

[2026-03-04 15:52:45 #4 type.registry] 
New type domain.Sale

[2026-03-04 15:52:45 #5 type] 
Type domain.Sale is not enhanced.

[2026-03-04 15:52:45 #6 type.registry] 
New type java.util.ArrayList<java.lang.Object>

[2026-03-04 15:52:45 #7 type.registry] 
New type java.util.ArrayList<domain.Sale>

------------------------------------------------------------------------------------------------------------------------

[2026-03-04 16:04:50 #1 store] 
Database 'C:\Users\Iker Lerga\Downloads\Market26\src\main\resources\products.temp' is opened by 36384@DESKTOP-DFS19DM

[2026-03-04 16:04:50 #2 type.registry] 
New type domain.Seller

[2026-03-04 16:04:50 #3 type] 
Type domain.Seller is not enhanced.

[2026-03-04 16:04:50 #4 type.registry] 
New type domain.Sale

[2026-03-04 16:04:50 #5 type] 
Type domain.Sale is not enhanced.

[2026-03-04 16:04:50 #6 type.registry] 
New type java.util.ArrayList<java.lang.Object>

[2026-03-04 16:04:50 #7 type.registry] 
New type java.util.ArrayList<domain.Sale>

[2026-03-04 16:05:15 #8 type.registry] 
New type domain.User

[2026-03-04 16:05:15 #9 type] 
Type domain.User is not enhanced.

------------------------------------------------------------------------------------------------------------------------

[2026-03-04 16:10:03 #1 store] 
Database 'C:\Users\Iker Lerga\Downloads\Market26\src\main\resources\products.temp' is opened by 24976@DESKTOP-DFS19DM

[2026-03-04 16:10:03 #2 type.registry] 
New type domain.Seller

[2026-03-04 16:10:03 #3 type] 
Type domain.Seller is not enhanced.

[2026-03-04 16:10:03 #4 type.registry] 
New type domain.Sale

[2026-03-04 16:10:03 #5 type] 
Type domain.Sale is not enhanced.

[2026-03-04 16:10:03 #6 type.registry] 
New type java.util.ArrayList<java.lang.Object>

[2026-03-04 16:10:03 #7 type.registry] 
New type java.util.ArrayList<domain.Sale>

------------------------------------------------------------------------------------------------------------------------

[2026-03-04 16:14:34 #1 store] 
Database 'C:\Users\Iker Lerga\Downloads\Market26\src\main\resources\products.temp' is opened by 39032@DESKTOP-DFS19DM

[2026-03-04 16:14:34 #2 type.registry] 
New type domain.Seller

[2026-03-04 16:14:34 #3 type] 
Type domain.Seller is not enhanced.

[2026-03-04 16:14:34 #4 type.registry] 
New type domain.Sale

[2026-03-04 16:14:34 #5 type] 
Type domain.Sale is not enhanced.

[2026-03-04 16:14:35 #6 type.registry] 
New type java.util.ArrayList<java.lang.Object>

[2026-03-04 16:14:35 #7 type.registry] 
New type java.util.ArrayList<domain.Sale>

------------------------------------------------------------------------------------------------------------------------

[2026-03-04 16:17:32 #1 store] 
Database 'C:\Users\Iker Lerga\Downloads\Market26\src\main\resources\products.temp' is opened by 25256@DESKTOP-DFS19DM

[2026-03-04 16:17:32 #2 type.registry] 
New type domain.Seller

[2026-03-04 16:17:32 #3 type] 
Type domain.Seller is not enhanced.

[2026-03-04 16:17:32 #4 type.registry] 
New type domain.Sale

[2026-03-04 16:17:32 #5 type] 
Type domain.Sale is not enhanced.

[2026-03-04 16:17:32 #6 type.registry] 
New type java.util.ArrayList<java.lang.Object>

[2026-03-04 16:17:32 #7 type.registry] 
New type java.util.ArrayList<domain.Sale>

------------------------------------------------------------------------------------------------------------------------

[2026-03-04 16:19:00 #1 store] 
Database 'C:\Users\Iker Lerga\Downloads\Market26\src\main\resources\products.temp' is opened by 30988@DESKTOP-DFS19DM

[2026-03-04 16:19:01 #2 type.registry] 
New type domain.Seller

[2026-03-04 16:19:01 #3 type] 
Type domain.Seller is not enhanced.

[2026-03-04 16:19:01 #4 type.registry] 
New type domain.Sale

[2026-03-04 16:19:01 #5 type] 
Type domain.Sale is not enhanced.

[2026-03-04 16:19:01 #6 type.registry] 
New type java.util.ArrayList<java.lang.Object>

[2026-03-04 16:19:01 #7 type.registry] 
New type java.util.ArrayList<domain.Sale>

------------------------------------------------------------------------------------------------------------------------

[2026-03-04 16:23:56 #1 store] 
Database 'C:\Users\Iker Lerga\Downloads\Market26\src\main\resources\products.temp' is opened by 15988@DESKTOP-DFS19DM

[2026-03-04 16:23:56 #2 type.registry] 
New type domain.User

[2026-03-04 16:23:56 #3 type] 
Type domain.User is not enhanced.

[2026-03-04 16:23:56 #4 type.registry] 
New type domain.Seller

[2026-03-04 16:23:56 #5 type] 
Type domain.Seller is not enhanced.

[2026-03-04 16:23:56 #6 type.registry] 
New type domain.Sale

[2026-03-04 16:23:56 #7 type] 
Type domain.Sale is not enhanced.

[2026-03-04 16:23:56 #8 type.registry] 
New type java.util.ArrayList<java.lang.Object>

[2026-03-04 16:23:56 #9 type.registry] 
New type java.util.ArrayList<domain.Sale>

------------------------------------------------------------------------------------------------------------------------

[2026-03-04 16:25:31 #1 store] 
Database 'C:\Users\Iker Lerga\Downloads\Market26\src\main\resources\products.temp' is opened by 22492@DESKTOP-DFS19DM

[2026-03-04 16:25:31 #2 type.registry] 
New type domain.User

[2026-03-04 16:25:31 #3 type] 
Type domain.User is not enhanced.

[2026-03-04 16:25:31 #4 type.registry] 
New type domain.Seller

[2026-03-04 16:25:31 #5 type] 
Type domain.Seller is not enhanced.

[2026-03-04 16:25:31 #6 type.registry] 
New type domain.Sale

[2026-03-04 16:25:31 #7 type] 
Type domain.Sale is not enhanced.

[2026-03-04 16:25:31 #8 type.registry] 
New type java.util.ArrayList<java.lang.Object>

[2026-03-04 16:25:31 #9 type.registry] 
New type java.util.ArrayList<domain.Sale>

------------------------------------------------------------------------------------------------------------------------

[2026-03-04 16:26:45 #1 store] 
Database 'C:\Users\Iker Lerga\Downloads\Market26\src\main\resources\products.temp' is opened by 38628@DESKTOP-DFS19DM

[2026-03-04 16:26:46 #2 type.registry] 
New type domain.User

[2026-03-04 16:26:46 #3 type] 
Type domain.User is not enhanced.

[2026-03-04 16:26:46 #4 type.registry] 
New type domain.Seller

[2026-03-04 16:26:46 #5 type] 
Type domain.Seller is not enhanced.

[2026-03-04 16:26:46 #6 type.registry] 
New type domain.Sale

[2026-03-04 16:26:46 #7 type] 
Type domain.Sale is not enhanced.

[2026-03-04 16:26:46 #8 type.registry] 
New type java.util.ArrayList<java.lang.Object>

[2026-03-04 16:26:46 #9 type.registry] 
New type java.util.ArrayList<domain.Sale>

------------------------------------------------------------------------------------------------------------------------

[2026-03-04 16:29:01 #1 store] 
Database 'C:\Users\Iker Lerga\Downloads\Market26\src\main\resources\products.temp' is opened by 37284@DESKTOP-DFS19DM

[2026-03-04 16:29:02 #2 type.registry] 
New type domain.User

[2026-03-04 16:29:02 #3 type] 
Type domain.User is not enhanced.

[2026-03-04 16:29:02 #4 type.registry] 
New type domain.Seller

[2026-03-04 16:29:02 #5 type] 
Type domain.Seller is not enhanced.

[2026-03-04 16:29:02 #6 type.registry] 
New type domain.Sale

[2026-03-04 16:29:02 #7 type] 
Type domain.Sale is not enhanced.

[2026-03-04 16:29:02 #8 type.registry] 
New type java.util.ArrayList<java.lang.Object>

[2026-03-04 16:29:02 #9 type.registry] 
New type java.util.ArrayList<domain.Sale>

------------------------------------------------------------------------------------------------------------------------

[2026-03-04 16:31:53 #1 store] 
Database 'C:\Users\Iker Lerga\Downloads\Market26\src\main\resources\products.temp' is opened by 28728@DESKTOP-DFS19DM

[2026-03-04 16:31:53 #2 type.registry] 
New type domain.User

[2026-03-04 16:31:53 #3 type] 
Type domain.User is not enhanced.

[2026-03-04 16:31:54 #4 type.registry] 
New type domain.Seller

[2026-03-04 16:31:54 #5 type] 
Type domain.Seller is not enhanced.

[2026-03-04 16:31:54 #6 type.registry] 
New type domain.Sale

[2026-03-04 16:31:54 #7 type] 
Type domain.Sale is not enhanced.

[2026-03-04 16:31:54 #8 type.registry] 
New type java.util.ArrayList<java.lang.Object>

[2026-03-04 16:31:54 #9 type.registry] 
New type java.util.ArrayList<domain.Sale>

------------------------------------------------------------------------------------------------------------------------

[2026-03-04 16:41:51 #1 store] 
Database 'C:\Users\Iker Lerga\Downloads\Market26\src\main\resources\products.temp' is opened by 35516@DESKTOP-DFS19DM

[2026-03-04 16:41:52 #2 type.registry] 
New type domain.User

[2026-03-04 16:41:52 #3 type] 
Type domain.User is not enhanced.

[2026-03-04 16:41:52 #4 type.registry] 
New type domain.Seller

[2026-03-04 16:41:52 #5 type] 
Type domain.Seller is not enhanced.

[2026-03-04 16:41:52 #6 type.registry] 
New type domain.Sale

[2026-03-04 16:41:52 #7 type] 
Type domain.Sale is not enhanced.

[2026-03-04 16:41:52 #8 type.registry] 
New type java.util.ArrayList<java.lang.Object>

[2026-03-04 16:41:52 #9 type.registry] 
New type java.util.ArrayList<domain.Sale>

------------------------------------------------------------------------------------------------------------------------

[2026-03-04 16:43:03 #1 store] 
Database 'C:\Users\Iker Lerga\Downloads\Market26\src\main\resources\products.temp' is opened by 36852@DESKTOP-DFS19DM

[2026-03-04 16:43:04 #2 type.registry] 
New type domain.User

[2026-03-04 16:43:04 #3 type] 
Type domain.User is not enhanced.

[2026-03-04 16:43:04 #4 type.registry] 
New type domain.Seller

[2026-03-04 16:43:04 #5 type] 
Type domain.Seller is not enhanced.

[2026-03-04 16:43:04 #6 type.registry] 
New type domain.Sale

[2026-03-04 16:43:04 #7 type] 
Type domain.Sale is not enhanced.

[2026-03-04 16:43:04 #8 type.registry] 
New type java.util.ArrayList<java.lang.Object>

[2026-03-04 16:43:04 #9 type.registry] 
New type java.util.ArrayList<domain.Sale>

------------------------------------------------------------------------------------------------------------------------

[2026-03-04 16:44:52 #1 store] 
Database 'C:\Users\Iker Lerga\Downloads\Market26\src\main\resources\products.temp' is opened by 13068@DESKTOP-DFS19DM

[2026-03-04 16:44:52 #2 type.registry] 
New type domain.User

[2026-03-04 16:44:52 #3 type] 
Type domain.User is not enhanced.

[2026-03-04 16:44:52 #4 type.registry] 
New type domain.Seller

[2026-03-04 16:44:52 #5 type] 
Type domain.Seller is not enhanced.

[2026-03-04 16:44:52 #6 type.registry] 
New type domain.Sale

[2026-03-04 16:44:52 #7 type] 
Type domain.Sale is not enhanced.

[2026-03-04 16:44:52 #8 type.registry] 
New type java.util.ArrayList<java.lang.Object>

[2026-03-04 16:44:52 #9 type.registry] 
New type java.util.ArrayList<domain.Sale>

------------------------------------------------------------------------------------------------------------------------

[2026-03-04 16:49:43 #1 store] 
Database 'C:\Users\Iker Lerga\Downloads\Market26\src\main\resources\products.temp' is opened by 25524@DESKTOP-DFS19DM

[2026-03-04 16:49:44 #2 type.registry] 
New type domain.Seller

[2026-03-04 16:49:44 #3 type] 
Type domain.Seller is not enhanced.

[2026-03-04 16:49:44 #4 type.registry] 
New type domain.Sale

[2026-03-04 16:49:44 #5 type] 
Type domain.Sale is not enhanced.

[2026-03-04 16:49:44 #6 type.registry] 
New type java.util.ArrayList<java.lang.Object>

[2026-03-04 16:49:44 #7 type.registry] 
New type java.util.ArrayList<domain.Sale>

[2026-03-04 16:49:55 #8 type.registry] 
New type domain.User

[2026-03-04 16:49:55 #9 type] 
Type domain.User is not enhanced.

------------------------------------------------------------------------------------------------------------------------

[2026-03-04 17:08:01 #1 store] 
Database 'C:\Users\Iker Lerga\Downloads\Market26\src\main\resources\products.temp' is opened by 37512@DESKTOP-DFS19DM

[2026-03-04 17:08:01 #2 type.registry] 
New type domain.Seller

[2026-03-04 17:08:01 #3 type] 
Type domain.Seller is not enhanced.

[2026-03-04 17:08:01 #4 type.registry] 
New type domain.Sale

[2026-03-04 17:08:01 #5 type] 
Type domain.Sale is not enhanced.

[2026-03-04 17:08:01 #6 type.registry] 
New type java.util.ArrayList<java.lang.Object>

[2026-03-04 17:08:01 #7 type.registry] 
New type java.util.ArrayList<domain.Sale>

------------------------------------------------------------------------------------------------------------------------

[2026-03-04 17:10:45 #1 store] 
Database 'C:\Users\Iker Lerga\Downloads\Market26\src\main\resources\products.temp' is opened by 38224@DESKTOP-DFS19DM

[2026-03-04 17:10:45 #2 type.registry] 
New type domain.Seller

[2026-03-04 17:10:45 #3 type] 
Type domain.Seller is not enhanced.

[2026-03-04 17:10:45 #4 type.registry] 
New type domain.Sale

[2026-03-04 17:10:45 #5 type] 
Type domain.Sale is not enhanced.

[2026-03-04 17:10:45 #6 type.registry] 
New type java.util.ArrayList<java.lang.Object>

[2026-03-04 17:10:45 #7 type.registry] 
New type java.util.ArrayList<domain.Sale>

------------------------------------------------------------------------------------------------------------------------

[2026-03-04 17:22:00 #1 store] 
Database 'C:\Users\Iker Lerga\Downloads\Market26\src\main\resources\products.temp' is opened by 38428@DESKTOP-DFS19DM

[2026-03-04 17:22:00 #2 type.registry] 
New type domain.Seller

[2026-03-04 17:22:00 #3 type] 
Type domain.Seller is not enhanced.

[2026-03-04 17:22:00 #4 type.registry] 
New type domain.Sale

[2026-03-04 17:22:00 #5 type] 
Type domain.Sale is not enhanced.

[2026-03-04 17:22:00 #6 type.registry] 
New type java.util.ArrayList<java.lang.Object>

[2026-03-04 17:22:00 #7 type.registry] 
New type java.util.ArrayList<domain.Sale>

------------------------------------------------------------------------------------------------------------------------

[2026-03-04 17:22:11 #1 store] 
Database 'C:\Users\Iker Lerga\Downloads\Market26\src\main\resources\products.temp' is opened by 29980@DESKTOP-DFS19DM

[2026-03-04 17:22:11 #2 type.registry] 
New type domain.Seller

[2026-03-04 17:22:11 #3 type] 
Type domain.Seller is not enhanced.

[2026-03-04 17:22:11 #4 type.registry] 
New type domain.Sale

[2026-03-04 17:22:11 #5 type] 
Type domain.Sale is not enhanced.

[2026-03-04 17:22:11 #6 type.registry] 
New type java.util.ArrayList<java.lang.Object>

[2026-03-04 17:22:11 #7 type.registry] 
New type java.util.ArrayList<domain.Sale>

------------------------------------------------------------------------------------------------------------------------

[2026-03-04 17:54:56 #1 store] 
Database 'C:\Users\Iker Lerga\Downloads\Market26\src\main\resources\products.temp' is opened by 36200@DESKTOP-DFS19DM

[2026-03-04 17:54:56 #2 type.registry] 
New type domain.Seller

[2026-03-04 17:54:56 #3 type] 
Type domain.Seller is not enhanced.

[2026-03-04 17:54:56 #4 type.registry] 
New type domain.Sale

[2026-03-04 17:54:56 #5 type] 
Type domain.Sale is not enhanced.

[2026-03-04 17:54:56 #6 type.registry] 
New type java.util.ArrayList<java.lang.Object>

[2026-03-04 17:54:56 #7 type.registry] 
New type java.util.ArrayList<domain.Sale>

------------------------------------------------------------------------------------------------------------------------

[2026-03-04 17:57:06 #1 store] 
Database 'C:\Users\Iker Lerga\Downloads\Market26\src\main\resources\products.temp' is opened by 17420@DESKTOP-DFS19DM

[2026-03-04 17:57:07 #2 type.registry] 
New type domain.Seller

[2026-03-04 17:57:07 #3 type] 
Type domain.Seller is not enhanced.

[2026-03-04 17:57:07 #4 type.registry] 
New type domain.Sale

[2026-03-04 17:57:07 #5 type] 
Type domain.Sale is not enhanced.

[2026-03-04 17:57:07 #6 type.registry] 
New type java.util.ArrayList<java.lang.Object>

[2026-03-04 17:57:07 #7 type.registry] 
New type java.util.ArrayList<domain.Sale>

------------------------------------------------------------------------------------------------------------------------

[2026-03-04 18:00:38 #1 store] 
Database 'C:\Users\Iker Lerga\Downloads\Market26\src\main\resources\products.temp' is opened by 26388@DESKTOP-DFS19DM

[2026-03-04 18:00:38 #2 type.registry] 
New type domain.Seller

[2026-03-04 18:00:38 #3 type] 
Type domain.Seller is not enhanced.

[2026-03-04 18:00:39 #4 type.registry] 
New type domain.Sale

[2026-03-04 18:00:39 #5 type] 
Type domain.Sale is not enhanced.

[2026-03-04 18:00:39 #6 type.registry] 
New type java.util.ArrayList<java.lang.Object>

[2026-03-04 18:00:39 #7 type.registry] 
New type java.util.ArrayList<domain.Sale>

[2026-03-04 18:00:52 #8 type.registry] 
New type domain.User

[2026-03-04 18:00:52 #9 type] 
Type domain.User is not enhanced.

------------------------------------------------------------------------------------------------------------------------

[2026-03-04 18:01:54 #1 store] 
Database 'C:\Users\Iker Lerga\Downloads\Market26\src\main\resources\products.temp' is opened by 32264@DESKTOP-DFS19DM

[2026-03-04 18:01:54 #2 type.registry] 
New type domain.Seller

[2026-03-04 18:01:54 #3 type] 
Type domain.Seller is not enhanced.

[2026-03-04 18:01:54 #4 type.registry] 
New type domain.Sale

[2026-03-04 18:01:54 #5 type] 
Type domain.Sale is not enhanced.

[2026-03-04 18:01:54 #6 type.registry] 
New type java.util.ArrayList<java.lang.Object>

[2026-03-04 18:01:55 #7 type.registry] 
New type java.util.ArrayList<domain.Sale>

[2026-03-04 18:02:10 #8 type.registry] 
New type domain.User

[2026-03-04 18:02:10 #9 type] 
Type domain.User is not enhanced.

------------------------------------------------------------------------------------------------------------------------

[2026-03-04 18:03:29 #1 store] 
Database 'C:\Users\Iker Lerga\Downloads\Market26\src\main\resources\products.temp' is opened by 40372@DESKTOP-DFS19DM

[2026-03-04 18:03:29 #2 type.registry] 
New type domain.Seller

[2026-03-04 18:03:29 #3 type] 
Type domain.Seller is not enhanced.

[2026-03-04 18:03:29 #4 type.registry] 
New type domain.Sale

[2026-03-04 18:03:29 #5 type] 
Type domain.Sale is not enhanced.

[2026-03-04 18:03:29 #6 type.registry] 
New type java.util.ArrayList<java.lang.Object>

[2026-03-04 18:03:29 #7 type.registry] 
New type java.util.ArrayList<domain.Sale>

[2026-03-04 18:03:58 #8 type.registry] 
New type domain.User

[2026-03-04 18:03:58 #9 type] 
Type domain.User is not enhanced.

------------------------------------------------------------------------------------------------------------------------

[2026-03-04 18:04:12 #1 store] 
Database 'C:\Users\Iker Lerga\Downloads\Market26\src\main\resources\products.temp' is opened by 32336@DESKTOP-DFS19DM

[2026-03-04 18:04:12 #2 type.registry] 
New type domain.Seller

[2026-03-04 18:04:12 #3 type] 
Type domain.Seller is not enhanced.

[2026-03-04 18:04:12 #4 type.registry] 
New type domain.Sale

[2026-03-04 18:04:12 #5 type] 
Type domain.Sale is not enhanced.

[2026-03-04 18:04:12 #6 type.registry] 
New type java.util.ArrayList<java.lang.Object>

[2026-03-04 18:04:12 #7 type.registry] 
New type java.util.ArrayList<domain.Sale>

[2026-03-04 18:04:32 #8 type.registry] 
New type domain.User

[2026-03-04 18:04:32 #9 type] 
Type domain.User is not enhanced.

------------------------------------------------------------------------------------------------------------------------

[2026-03-04 18:10:03 #1 store] 
Database 'C:\Users\Iker Lerga\Downloads\Market26\src\main\resources\products.temp' is opened by 13160@DESKTOP-DFS19DM

[2026-03-04 18:10:03 #2 type.registry] 
New type domain.Seller

[2026-03-04 18:10:03 #3 type] 
Type domain.Seller is not enhanced.

[2026-03-04 18:10:03 #4 type.registry] 
New type domain.Sale

[2026-03-04 18:10:03 #5 type] 
Type domain.Sale is not enhanced.

[2026-03-04 18:10:04 #6 type.registry] 
New type java.util.ArrayList<java.lang.Object>

[2026-03-04 18:10:04 #7 type.registry] 
New type java.util.ArrayList<domain.Sale>

------------------------------------------------------------------------------------------------------------------------

[2026-03-04 18:14:42 #1 store] 
Database 'C:\Users\Iker Lerga\Downloads\Market26\src\main\resources\products.temp' is opened by 17376@DESKTOP-DFS19DM

[2026-03-04 18:14:43 #2 type.registry] 
New type domain.User

[2026-03-04 18:14:43 #3 type] 
Type domain.User is not enhanced.

[2026-03-04 18:14:43 #4 type.registry] 
New type domain.Seller

[2026-03-04 18:14:43 #5 type] 
Type domain.Seller is not enhanced.

[2026-03-04 18:14:43 #6 type.registry] 
New type domain.Sale

[2026-03-04 18:14:43 #7 type] 
Type domain.Sale is not enhanced.

[2026-03-04 18:14:43 #8 type.registry] 
New type java.util.ArrayList<java.lang.Object>

[2026-03-04 18:14:43 #9 type.registry] 
New type java.util.ArrayList<domain.Sale>

