------------------------------------------------------------------------------------------------------------------------

[2026-04-29 00:24:54 #1 store] 
Database 'C:\Users\everl\Documents\Estudios\Uni\2do Curso\2do Cuatrimestre\IS\Iteracion-1-IS\src\main\resources\products.temp' is opened by 13196@Ever

[2026-04-29 00:24:54 #2 type.registry] 
New type domain.User

[2026-04-29 00:24:54 #3 type.registry] 
New type domain.Seller

[2026-04-29 00:24:54 #4 type] 
Type domain.User is not enhanced.

[2026-04-29 00:24:54 #5 type] 
Type domain.Seller is not enhanced.

[2026-04-29 00:24:54 #6 type.registry] 
New type domain.Valoraciones

[2026-04-29 00:24:54 #7 type.registry] 
New type domain.Offer

[2026-04-29 00:24:54 #8 type.registry] 
New type domain.Sale

[2026-04-29 00:24:54 #9 type] 
Type domain.Valoraciones is not enhanced.

[2026-04-29 00:24:54 #10 type] 
Type domain.Offer is not enhanced.

[2026-04-29 00:24:54 #11 type.registry] 
New type domain.Solicitud

[2026-04-29 00:24:54 #12 type] 
Type domain.Sale is not enhanced.

[2026-04-29 00:24:54 #13 type] 
Type domain.Solicitud is not enhanced.

[2026-04-29 00:24:54 #14 type.registry] 
New type java.util.ArrayList<java.lang.Object>

[2026-04-29 00:24:54 #15 type.registry] 
New type java.util.ArrayList<domain.Sale>

[2026-04-29 00:24:54 #16 type.registry] 
New type java.util.ArrayList<domain.Offer>

[2026-04-29 00:24:54 #17 type.registry] 
New type java.util.ArrayList<domain.Valoraciones>

[2026-04-29 00:24:54 #18 type.registry] 
New type java.util.ArrayList<domain.Solicitud>

