------------------------------------------------------------------------------------------------------------------------

[2026-04-27 00:00:17 #1 store] 
Database 'C:\Users\everl\Documents\Estudios\Uni\2do Curso\2do Cuatrimestre\IS\Iteracion-1-IS\src\main\resources\products.temp' is opened by 29448@Ever

[2026-04-27 00:00:18 #2 type.registry] 
New type domain.User

[2026-04-27 00:00:18 #3 type.registry] 
New type domain.Seller

[2026-04-27 00:00:18 #4 type] 
Type domain.User is not enhanced.

[2026-04-27 00:00:18 #5 type] 
Type domain.Seller is not enhanced.

[2026-04-27 00:00:18 #6 type.registry] 
New type domain.Valoraciones

[2026-04-27 00:00:18 #7 type.registry] 
New type domain.Offer

[2026-04-27 00:00:18 #8 type.registry] 
New type domain.Sale

[2026-04-27 00:00:18 #9 type] 
Type domain.Valoraciones is not enhanced.

[2026-04-27 00:00:18 #10 type] 
Type domain.Offer is not enhanced.

[2026-04-27 00:00:18 #11 type.registry] 
New type domain.Solicitud

[2026-04-27 00:00:18 #12 type] 
Type domain.Sale is not enhanced.

[2026-04-27 00:00:18 #13 type] 
Type domain.Solicitud is not enhanced.

[2026-04-27 00:00:18 #14 type.registry] 
New type java.util.ArrayList<java.lang.Object>

[2026-04-27 00:00:18 #15 type.registry] 
New type java.util.ArrayList<domain.Sale>

[2026-04-27 00:00:18 #16 type.registry] 
New type java.util.ArrayList<domain.Offer>

[2026-04-27 00:00:18 #17 type.registry] 
New type java.util.ArrayList<domain.Valoraciones>

[2026-04-27 00:00:18 #18 type.registry] 
New type java.util.ArrayList<domain.Solicitud>

