------------------------------------------------------------------------------------------------------------------------

[2026-04-30 14:49:04 #1 store] 
Database 'C:\Users\Ander\Documents\GitHub\Iteracion-1-IS\src\main\resources\products.temp' is opened by 17744@AnderDiez

[2026-04-30 14:49:04 #2 type.registry] 
New type domain.User

[2026-04-30 14:49:04 #3 type.registry] 
New type domain.Seller

[2026-04-30 14:49:04 #4 type] 
Type domain.User is not enhanced.

[2026-04-30 14:49:04 #5 type] 
Type domain.Seller is not enhanced.

[2026-04-30 14:49:04 #6 type.registry] 
New type domain.Valoraciones

[2026-04-30 14:49:05 #7 type.registry] 
New type domain.Offer

[2026-04-30 14:49:05 #8 type.registry] 
New type domain.Sale

[2026-04-30 14:49:05 #9 type] 
Type domain.Valoraciones is not enhanced.

[2026-04-30 14:49:05 #10 type] 
Type domain.Offer is not enhanced.

[2026-04-30 14:49:05 #11 type.registry] 
New type domain.Solicitud

[2026-04-30 14:49:05 #12 type] 
Type domain.Sale is not enhanced.

[2026-04-30 14:49:05 #13 type] 
Type domain.Solicitud is not enhanced.

[2026-04-30 14:49:05 #14 type.registry] 
New type java.util.ArrayList<java.lang.Object>

[2026-04-30 14:49:05 #15 type.registry] 
New type java.util.ArrayList<domain.Sale>

[2026-04-30 14:49:05 #16 type.registry] 
New type java.util.ArrayList<domain.Offer>

[2026-04-30 14:49:05 #17 type.registry] 
New type java.util.ArrayList<domain.Valoraciones>

[2026-04-30 14:49:05 #18 type.registry] 
New type java.util.ArrayList<domain.Solicitud>

------------------------------------------------------------------------------------------------------------------------

[2026-04-30 14:55:58 #1 store] 
Database 'C:\Users\Ander\Documents\GitHub\Iteracion-1-IS\src\main\resources\products.temp' is opened by 2320@AnderDiez

[2026-04-30 14:55:58 #2 type.registry] 
New type domain.User

[2026-04-30 14:55:58 #3 type.registry] 
New type domain.Seller

[2026-04-30 14:55:58 #4 type] 
Type domain.User is not enhanced.

[2026-04-30 14:55:58 #5 type] 
Type domain.Seller is not enhanced.

[2026-04-30 14:55:58 #6 type.registry] 
New type domain.Valoraciones

[2026-04-30 14:55:58 #7 type.registry] 
New type domain.Offer

[2026-04-30 14:55:59 #8 type.registry] 
New type domain.Sale

[2026-04-30 14:55:59 #9 type] 
Type domain.Valoraciones is not enhanced.

[2026-04-30 14:55:59 #10 type] 
Type domain.Offer is not enhanced.

[2026-04-30 14:55:59 #11 type.registry] 
New type domain.Solicitud

[2026-04-30 14:55:59 #12 type] 
Type domain.Sale is not enhanced.

[2026-04-30 14:55:59 #13 type] 
Type domain.Solicitud is not enhanced.

[2026-04-30 14:55:59 #14 type.registry] 
New type java.util.ArrayList<java.lang.Object>

[2026-04-30 14:55:59 #15 type.registry] 
New type java.util.ArrayList<domain.Sale>

[2026-04-30 14:55:59 #16 type.registry] 
New type java.util.ArrayList<domain.Offer>

[2026-04-30 14:55:59 #17 type.registry] 
New type java.util.ArrayList<domain.Valoraciones>

[2026-04-30 14:55:59 #18 type.registry] 
New type java.util.ArrayList<domain.Solicitud>

------------------------------------------------------------------------------------------------------------------------

[2026-04-30 14:59:44 #1 store] 
Database 'C:\Users\Ander\Documents\GitHub\Iteracion-1-IS\src\main\resources\products.temp' is opened by 6016@AnderDiez

[2026-04-30 14:59:44 #2 type.registry] 
New type domain.User

[2026-04-30 14:59:44 #3 type.registry] 
New type domain.Seller

[2026-04-30 14:59:44 #4 type] 
Type domain.User is not enhanced.

[2026-04-30 14:59:44 #5 type] 
Type domain.Seller is not enhanced.

[2026-04-30 14:59:44 #6 type.registry] 
New type domain.Valoraciones

[2026-04-30 14:59:45 #7 type.registry] 
New type domain.Offer

[2026-04-30 14:59:45 #8 type.registry] 
New type domain.Sale

[2026-04-30 14:59:45 #9 type] 
Type domain.Valoraciones is not enhanced.

[2026-04-30 14:59:45 #10 type] 
Type domain.Offer is not enhanced.

[2026-04-30 14:59:45 #11 type.registry] 
New type domain.Solicitud

[2026-04-30 14:59:45 #12 type] 
Type domain.Sale is not enhanced.

[2026-04-30 14:59:45 #13 type] 
Type domain.Solicitud is not enhanced.

[2026-04-30 14:59:45 #14 type.registry] 
New type java.util.ArrayList<java.lang.Object>

[2026-04-30 14:59:45 #15 type.registry] 
New type java.util.ArrayList<domain.Sale>

[2026-04-30 14:59:45 #16 type.registry] 
New type java.util.ArrayList<domain.Offer>

[2026-04-30 14:59:45 #17 type.registry] 
New type java.util.ArrayList<domain.Valoraciones>

[2026-04-30 14:59:45 #18 type.registry] 
New type java.util.ArrayList<domain.Solicitud>

------------------------------------------------------------------------------------------------------------------------

[2026-04-30 15:02:50 #1 store] 
Database 'C:\Users\Ander\Documents\GitHub\Iteracion-1-IS\src\main\resources\products.temp' is opened by 16868@AnderDiez

[2026-04-30 15:02:51 #2 type.registry] 
New type domain.User

[2026-04-30 15:02:51 #3 type.registry] 
New type domain.Seller

[2026-04-30 15:02:51 #4 type] 
Type domain.User is not enhanced.

[2026-04-30 15:02:51 #5 type] 
Type domain.Seller is not enhanced.

[2026-04-30 15:02:51 #6 type.registry] 
New type domain.Valoraciones

[2026-04-30 15:02:51 #7 type.registry] 
New type domain.Offer

[2026-04-30 15:02:51 #8 type.registry] 
New type domain.Sale

[2026-04-30 15:02:51 #9 type] 
Type domain.Valoraciones is not enhanced.

[2026-04-30 15:02:51 #10 type] 
Type domain.Offer is not enhanced.

[2026-04-30 15:02:51 #11 type.registry] 
New type domain.Solicitud

[2026-04-30 15:02:51 #12 type] 
Type domain.Sale is not enhanced.

[2026-04-30 15:02:51 #13 type] 
Type domain.Solicitud is not enhanced.

[2026-04-30 15:02:51 #14 type.registry] 
New type java.util.ArrayList<java.lang.Object>

[2026-04-30 15:02:51 #15 type.registry] 
New type java.util.ArrayList<domain.Sale>

[2026-04-30 15:02:51 #16 type.registry] 
New type java.util.ArrayList<domain.Offer>

[2026-04-30 15:02:51 #17 type.registry] 
New type java.util.ArrayList<domain.Valoraciones>

[2026-04-30 15:02:51 #18 type.registry] 
New type java.util.ArrayList<domain.Solicitud>

------------------------------------------------------------------------------------------------------------------------

[2026-04-30 15:17:30 #1 store] 
Database 'C:\Users\Ander\Documents\GitHub\Iteracion-1-IS\src\main\resources\products.temp' is opened by 5388@AnderDiez

[2026-04-30 15:17:30 #2 type.registry] 
New type domain.User

[2026-04-30 15:17:30 #3 type.registry] 
New type domain.Seller

[2026-04-30 15:17:30 #4 type] 
Type domain.User is not enhanced.

[2026-04-30 15:17:30 #5 type] 
Type domain.Seller is not enhanced.

[2026-04-30 15:17:30 #6 type.registry] 
New type domain.Valoraciones

[2026-04-30 15:17:30 #7 type.registry] 
New type domain.Offer

[2026-04-30 15:17:30 #8 type.registry] 
New type domain.Sale

[2026-04-30 15:17:30 #9 type] 
Type domain.Valoraciones is not enhanced.

[2026-04-30 15:17:30 #10 type] 
Type domain.Offer is not enhanced.

[2026-04-30 15:17:30 #11 type.registry] 
New type domain.Solicitud

[2026-04-30 15:17:30 #12 type] 
Type domain.Sale is not enhanced.

[2026-04-30 15:17:30 #13 type] 
Type domain.Solicitud is not enhanced.

[2026-04-30 15:17:30 #14 type.registry] 
New type java.util.ArrayList<java.lang.Object>

[2026-04-30 15:17:30 #15 type.registry] 
New type java.util.ArrayList<domain.Sale>

[2026-04-30 15:17:30 #16 type.registry] 
New type java.util.ArrayList<domain.Offer>

[2026-04-30 15:17:30 #17 type.registry] 
New type java.util.ArrayList<domain.Valoraciones>

[2026-04-30 15:17:30 #18 type.registry] 
New type java.util.ArrayList<domain.Solicitud>

------------------------------------------------------------------------------------------------------------------------

[2026-04-30 15:29:11 #1 store] 
Database 'C:\Users\Ander\Documents\GitHub\Iteracion-1-IS\src\main\resources\products.temp' is opened by 18728@AnderDiez

[2026-04-30 15:29:12 #2 type.registry] 
New type domain.User

[2026-04-30 15:29:12 #3 type.registry] 
New type domain.Seller

[2026-04-30 15:29:12 #4 type] 
Type domain.User is not enhanced.

[2026-04-30 15:29:12 #5 type] 
Type domain.Seller is not enhanced.

[2026-04-30 15:29:12 #6 type.registry] 
New type domain.Valoraciones

[2026-04-30 15:29:12 #7 type.registry] 
New type domain.Offer

[2026-04-30 15:29:12 #8 type.registry] 
New type domain.Sale

[2026-04-30 15:29:12 #9 type] 
Type domain.Valoraciones is not enhanced.

[2026-04-30 15:29:12 #10 type] 
Type domain.Offer is not enhanced.

[2026-04-30 15:29:12 #11 type.registry] 
New type domain.Solicitud

[2026-04-30 15:29:12 #12 type] 
Type domain.Sale is not enhanced.

[2026-04-30 15:29:12 #13 type] 
Type domain.Solicitud is not enhanced.

[2026-04-30 15:29:12 #14 type.registry] 
New type java.util.ArrayList<java.lang.Object>

[2026-04-30 15:29:12 #15 type.registry] 
New type java.util.ArrayList<domain.Sale>

[2026-04-30 15:29:12 #16 type.registry] 
New type java.util.ArrayList<domain.Offer>

[2026-04-30 15:29:12 #17 type.registry] 
New type java.util.ArrayList<domain.Valoraciones>

[2026-04-30 15:29:12 #18 type.registry] 
New type java.util.ArrayList<domain.Solicitud>

