------------------------------------------------------------------------------------------------------------------------

[2026-04-07 17:01:15 #1 store] 
Database 'C:\Users\Iker Lerga\eclipse-workspace prueba\Market26\src\main\resources\products.temp' is opened by 23136@DESKTOP-DFS19DM

[2026-04-07 17:01:15 #2 type] 
Type domain.User is not enhanced.

[2026-04-07 17:01:15 #3 type] 
Type domain.Seller is not enhanced.

[2026-04-07 17:01:15 #4 type] 
Type domain.Offer is not enhanced.

[2026-04-07 17:01:15 #5 type] 
Type domain.Sale is not enhanced.

------------------------------------------------------------------------------------------------------------------------

[2026-04-07 17:18:39 #1 store] 
Database 'C:\Users\Iker Lerga\eclipse-workspace prueba\Market26\src\main\resources\products.temp' is opened by 26748@DESKTOP-DFS19DM

[2026-04-07 17:18:39 #2 type] 
Type domain.User is not enhanced.

[2026-04-07 17:18:39 #3 type] 
Type domain.Seller is not enhanced.

[2026-04-07 17:18:39 #4 type] 
Type domain.Offer is not enhanced.

[2026-04-07 17:18:39 #5 type] 
Type domain.Sale is not enhanced.

------------------------------------------------------------------------------------------------------------------------

[2026-04-07 17:24:32 #1 store] 
Database 'C:\Users\Iker Lerga\eclipse-workspace prueba\Market26\src\main\resources\products.temp' has been recovered (tr. 15-15)

[2026-04-07 17:24:32 #2 store] 
Database 'C:\Users\Iker Lerga\eclipse-workspace prueba\Market26\src\main\resources\products.temp' is opened by 17496@DESKTOP-DFS19DM

[2026-04-07 17:24:32 #3 type] 
Type domain.User is not enhanced.

[2026-04-07 17:24:32 #4 type] 
Type domain.Seller is not enhanced.

[2026-04-07 17:24:32 #5 type] 
Type domain.Offer is not enhanced.

[2026-04-07 17:24:32 #6 type] 
Type domain.Sale is not enhanced.

------------------------------------------------------------------------------------------------------------------------

[2026-04-07 17:25:37 #1 store] 
Database 'C:\Users\Iker Lerga\eclipse-workspace prueba\Market26\src\main\resources\products.temp' has been recovered (tr. 16-17)

[2026-04-07 17:25:37 #2 store] 
Database 'C:\Users\Iker Lerga\eclipse-workspace prueba\Market26\src\main\resources\products.temp' is opened by 12712@DESKTOP-DFS19DM

[2026-04-07 17:25:37 #3 type] 
Type domain.User is not enhanced.

[2026-04-07 17:25:37 #4 type] 
Type domain.Seller is not enhanced.

[2026-04-07 17:25:37 #5 type] 
Type domain.Offer is not enhanced.

[2026-04-07 17:25:37 #6 type] 
Type domain.Sale is not enhanced.

------------------------------------------------------------------------------------------------------------------------

[2026-04-07 17:26:02 #1 store] 
Database 'C:\Users\Iker Lerga\eclipse-workspace prueba\Market26\src\main\resources\products.temp' is opened by 25904@DESKTOP-DFS19DM

[2026-04-07 17:26:02 #2 type] 
Type domain.User is not enhanced.

[2026-04-07 17:26:02 #3 type] 
Type domain.Seller is not enhanced.

[2026-04-07 17:26:02 #4 type] 
Type domain.Offer is not enhanced.

[2026-04-07 17:26:02 #5 type] 
Type domain.Sale is not enhanced.

------------------------------------------------------------------------------------------------------------------------

[2026-04-07 17:27:44 #1 store] 
Database 'C:\Users\Iker Lerga\eclipse-workspace prueba\Market26\src\main\resources\products.temp' is opened by 12168@DESKTOP-DFS19DM

[2026-04-07 17:27:44 #2 type] 
Type domain.User is not enhanced.

[2026-04-07 17:27:44 #3 type] 
Type domain.Seller is not enhanced.

[2026-04-07 17:27:44 #4 type] 
Type domain.Offer is not enhanced.

[2026-04-07 17:27:44 #5 type] 
Type domain.Sale is not enhanced.

------------------------------------------------------------------------------------------------------------------------

[2026-04-07 17:33:45 #1 store] 
Database 'C:\Users\Iker Lerga\eclipse-workspace prueba\Market26\src\main\resources\products.temp' has been recovered (tr. 18-20)

[2026-04-07 17:33:45 #2 store] 
Database 'C:\Users\Iker Lerga\eclipse-workspace prueba\Market26\src\main\resources\products.temp' is opened by 17180@DESKTOP-DFS19DM

[2026-04-07 17:33:45 #3 type] 
Type domain.User is not enhanced.

[2026-04-07 17:33:45 #4 type] 
Type domain.Seller is not enhanced.

[2026-04-07 17:33:45 #5 type] 
Type domain.Offer is not enhanced.

[2026-04-07 17:33:46 #6 type] 
Type domain.Sale is not enhanced.

------------------------------------------------------------------------------------------------------------------------

[2026-04-07 17:39:33 #1 store] 
Database 'C:\Users\Iker Lerga\eclipse-workspace prueba\Market26\src\main\resources\products.temp' is opened by 7332@DESKTOP-DFS19DM

[2026-04-07 17:39:33 #2 type] 
Type domain.User is not enhanced.

[2026-04-07 17:39:33 #3 type] 
Type domain.Seller is not enhanced.

[2026-04-07 17:39:33 #4 type] 
Type domain.Offer is not enhanced.

[2026-04-07 17:39:33 #5 type] 
Type domain.Sale is not enhanced.

------------------------------------------------------------------------------------------------------------------------

[2026-04-07 17:52:24 #1 store] 
Database 'C:\Users\Iker Lerga\eclipse-workspace prueba\Market26\src\main\resources\products.temp' is opened by 24240@DESKTOP-DFS19DM

[2026-04-07 17:52:25 #2 type] 
Type domain.User is not enhanced.

[2026-04-07 17:52:25 #3 type] 
Type domain.Seller is not enhanced.

[2026-04-07 17:52:25 #4 type] 
Type domain.Offer is not enhanced.

[2026-04-07 17:52:25 #5 type] 
Type domain.Sale is not enhanced.

------------------------------------------------------------------------------------------------------------------------

[2026-04-07 18:06:25 #1 store] 
Database 'C:\Users\Iker Lerga\eclipse-workspace prueba\Market26\src\main\resources\products.temp' is opened by 11900@DESKTOP-DFS19DM

[2026-04-07 18:06:25 #2 type] 
Type domain.User is not enhanced.

[2026-04-07 18:06:25 #3 type] 
Type domain.Seller is not enhanced.

[2026-04-07 18:06:25 #4 type] 
Type domain.Offer is not enhanced.

[2026-04-07 18:06:25 #5 type] 
Type domain.Sale is not enhanced.

------------------------------------------------------------------------------------------------------------------------

[2026-04-07 18:27:07 #1 store] 
Database 'C:\Users\Iker Lerga\eclipse-workspace prueba\Market26\src\main\resources\products.temp' is opened by 15808@DESKTOP-DFS19DM

[2026-04-07 18:27:07 #2 type] 
Type domain.User is not enhanced.

[2026-04-07 18:27:07 #3 type] 
Type domain.Seller is not enhanced.

[2026-04-07 18:27:07 #4 type] 
Type domain.Offer is not enhanced.

[2026-04-07 18:27:07 #5 type] 
Type domain.Sale is not enhanced.

------------------------------------------------------------------------------------------------------------------------

[2026-04-07 18:29:24 #1 store] 
Database 'C:\Users\Iker Lerga\eclipse-workspace prueba\Market26\src\main\resources\products.temp' is opened by 15620@DESKTOP-DFS19DM

[2026-04-07 18:29:43 #2 type.registry] 
New type domain.User

[2026-04-07 18:29:43 #3 type] 
Type domain.User is not enhanced.

[2026-04-07 18:30:03 #4 type.registry] 
New type domain.Seller

[2026-04-07 18:30:03 #5 type] 
Type domain.Seller is not enhanced.

[2026-04-07 18:30:03 #6 type.registry] 
New type domain.Offer

[2026-04-07 18:30:03 #7 type.registry] 
New type domain.Sale

[2026-04-07 18:30:03 #8 type] 
Type domain.Offer is not enhanced.

[2026-04-07 18:30:03 #9 type] 
Type domain.Sale is not enhanced.

[2026-04-07 18:30:03 #10 type.registry] 
New type java.util.ArrayList<java.lang.Object>

[2026-04-07 18:30:03 #11 type.registry] 
New type java.util.ArrayList<domain.Sale>

[2026-04-07 18:30:03 #12 type.registry] 
New type java.util.ArrayList<domain.Offer>

------------------------------------------------------------------------------------------------------------------------

[2026-04-07 18:30:49 #1 store] 
Database 'C:\Users\Iker Lerga\eclipse-workspace prueba\Market26\src\main\resources\products.temp' has been recovered (tr. 1-9)

[2026-04-07 18:30:49 #2 store] 
Database 'C:\Users\Iker Lerga\eclipse-workspace prueba\Market26\src\main\resources\products.temp' is opened by 11672@DESKTOP-DFS19DM

[2026-04-07 18:30:49 #3 type] 
Type domain.User is not enhanced.

[2026-04-07 18:30:49 #4 type] 
Type domain.Seller is not enhanced.

[2026-04-07 18:30:49 #5 type] 
Type domain.Offer is not enhanced.

[2026-04-07 18:30:49 #6 type] 
Type domain.Sale is not enhanced.

------------------------------------------------------------------------------------------------------------------------

[2026-04-07 18:31:15 #1 store] 
Database 'C:\Users\Iker Lerga\eclipse-workspace prueba\Market26\src\main\resources\products.temp' is opened by 13996@DESKTOP-DFS19DM

[2026-04-07 18:31:15 #2 type] 
Type domain.User is not enhanced.

[2026-04-07 18:31:15 #3 type] 
Type domain.Seller is not enhanced.

[2026-04-07 18:31:15 #4 type] 
Type domain.Offer is not enhanced.

[2026-04-07 18:31:15 #5 type] 
Type domain.Sale is not enhanced.

------------------------------------------------------------------------------------------------------------------------

[2026-04-07 18:34:22 #1 store] 
Database 'C:\Users\Iker Lerga\eclipse-workspace prueba\Market26\src\main\resources\products.temp' is opened by 22752@DESKTOP-DFS19DM

[2026-04-07 18:34:22 #2 type] 
Type domain.User is not enhanced.

[2026-04-07 18:34:22 #3 type] 
Type domain.Seller is not enhanced.

[2026-04-07 18:34:22 #4 type] 
Type domain.Offer is not enhanced.

[2026-04-07 18:34:22 #5 type] 
Type domain.Sale is not enhanced.

------------------------------------------------------------------------------------------------------------------------

[2026-04-07 18:35:08 #1 store] 
Database 'C:\Users\Iker Lerga\eclipse-workspace prueba\Market26\src\main\resources\products.temp' is opened by 4540@DESKTOP-DFS19DM

[2026-04-07 18:35:21 #2 type.registry] 
New type domain.User

[2026-04-07 18:35:21 #3 type] 
Type domain.User is not enhanced.

------------------------------------------------------------------------------------------------------------------------

[2026-04-07 18:42:29 #1 store] 
Database 'C:\Users\Iker Lerga\eclipse-workspace prueba\Market26\src\main\resources\products.temp' has been recovered (tr. 1-3)

[2026-04-07 18:42:30 #2 store] 
Database 'C:\Users\Iker Lerga\eclipse-workspace prueba\Market26\src\main\resources\products.temp' is opened by 18672@DESKTOP-DFS19DM

[2026-04-07 18:42:30 #3 type] 
Type domain.User is not enhanced.

[2026-04-07 18:42:52 #4 type.registry] 
New type domain.Seller

[2026-04-07 18:42:52 #5 type] 
Type domain.Seller is not enhanced.

[2026-04-07 18:42:52 #6 type.registry] 
New type domain.Offer

[2026-04-07 18:42:52 #7 type.registry] 
New type domain.Sale

[2026-04-07 18:42:52 #8 type] 
Type domain.Offer is not enhanced.

[2026-04-07 18:42:52 #9 type] 
Type domain.Sale is not enhanced.

[2026-04-07 18:42:52 #10 type.registry] 
New type java.util.ArrayList<java.lang.Object>

[2026-04-07 18:42:52 #11 type.registry] 
New type java.util.ArrayList<domain.Sale>

[2026-04-07 18:42:52 #12 type.registry] 
New type java.util.ArrayList<domain.Offer>

------------------------------------------------------------------------------------------------------------------------

[2026-04-07 18:43:56 #1 store] 
Database 'C:\Users\Iker Lerga\eclipse-workspace prueba\Market26\src\main\resources\products.temp' is opened by 16484@DESKTOP-DFS19DM

[2026-04-07 18:44:10 #2 type.registry] 
New type domain.User

[2026-04-07 18:44:10 #3 type] 
Type domain.User is not enhanced.

------------------------------------------------------------------------------------------------------------------------

[2026-04-07 18:45:32 #1 store] 
Database 'C:\Users\Iker Lerga\eclipse-workspace prueba\Market26\src\main\resources\products.temp' has been recovered (tr. 1-3)

[2026-04-07 18:45:32 #2 store] 
Database 'C:\Users\Iker Lerga\eclipse-workspace prueba\Market26\src\main\resources\products.temp' is opened by 1480@DESKTOP-DFS19DM

[2026-04-07 18:45:33 #3 type] 
Type domain.User is not enhanced.

[2026-04-07 18:45:44 #4 type.registry] 
New type domain.Seller

[2026-04-07 18:45:44 #5 type] 
Type domain.Seller is not enhanced.

[2026-04-07 18:45:44 #6 type.registry] 
New type domain.Offer

[2026-04-07 18:45:44 #7 type.registry] 
New type domain.Sale

[2026-04-07 18:45:44 #8 type] 
Type domain.Offer is not enhanced.

[2026-04-07 18:45:44 #9 type] 
Type domain.Sale is not enhanced.

[2026-04-07 18:45:44 #10 type.registry] 
New type java.util.ArrayList<java.lang.Object>

[2026-04-07 18:45:44 #11 type.registry] 
New type java.util.ArrayList<domain.Sale>

[2026-04-07 18:45:44 #12 type.registry] 
New type java.util.ArrayList<domain.Offer>

------------------------------------------------------------------------------------------------------------------------

[2026-04-07 18:46:06 #1 store] 
Database 'C:\Users\Iker Lerga\eclipse-workspace prueba\Market26\src\main\resources\products.temp' has been recovered (tr. 4-9)

[2026-04-07 18:46:06 #2 store] 
Database 'C:\Users\Iker Lerga\eclipse-workspace prueba\Market26\src\main\resources\products.temp' is opened by 21824@DESKTOP-DFS19DM

[2026-04-07 18:46:07 #3 type] 
Type domain.User is not enhanced.

[2026-04-07 18:46:07 #4 type] 
Type domain.Seller is not enhanced.

[2026-04-07 18:46:07 #5 type] 
Type domain.Offer is not enhanced.

[2026-04-07 18:46:07 #6 type] 
Type domain.Sale is not enhanced.

------------------------------------------------------------------------------------------------------------------------

[2026-04-07 18:46:18 #1 store] 
Database 'C:\Users\Iker Lerga\eclipse-workspace prueba\Market26\src\main\resources\products.temp' is opened by 16184@DESKTOP-DFS19DM

[2026-04-07 18:46:18 #2 type] 
Type domain.User is not enhanced.

[2026-04-07 18:46:18 #3 type] 
Type domain.Seller is not enhanced.

[2026-04-07 18:46:18 #4 type] 
Type domain.Offer is not enhanced.

[2026-04-07 18:46:18 #5 type] 
Type domain.Sale is not enhanced.

------------------------------------------------------------------------------------------------------------------------

[2026-04-07 18:56:26 #1 store] 
Database 'C:\Users\Iker Lerga\eclipse-workspace prueba\Market26\src\main\resources\products.temp' is opened by 10672@DESKTOP-DFS19DM

[2026-04-07 18:56:26 #2 type] 
Type domain.User is not enhanced.

[2026-04-07 18:56:26 #3 type] 
Type domain.Seller is not enhanced.

[2026-04-07 18:56:26 #4 type] 
Type domain.Offer is not enhanced.

[2026-04-07 18:56:26 #5 type] 
Type domain.Sale is not enhanced.

------------------------------------------------------------------------------------------------------------------------

[2026-04-07 18:56:47 #1 store] 
Database 'C:\Users\Iker Lerga\eclipse-workspace prueba\Market26\src\main\resources\products.temp' is opened by 11564@DESKTOP-DFS19DM

[2026-04-07 18:56:47 #2 type] 
Type domain.User is not enhanced.

[2026-04-07 18:56:47 #3 type] 
Type domain.Seller is not enhanced.

[2026-04-07 18:56:47 #4 type] 
Type domain.Offer is not enhanced.

[2026-04-07 18:56:47 #5 type] 
Type domain.Sale is not enhanced.

------------------------------------------------------------------------------------------------------------------------

[2026-04-07 18:57:33 #1 store] 
Database 'C:\Users\Iker Lerga\eclipse-workspace prueba\Market26\src\main\resources\products.temp' is opened by 8564@DESKTOP-DFS19DM

[2026-04-07 18:57:33 #2 type] 
Type domain.User is not enhanced.

[2026-04-07 18:57:33 #3 type] 
Type domain.Seller is not enhanced.

[2026-04-07 18:57:33 #4 type] 
Type domain.Offer is not enhanced.

[2026-04-07 18:57:33 #5 type] 
Type domain.Sale is not enhanced.

------------------------------------------------------------------------------------------------------------------------

[2026-04-07 18:58:16 #1 store] 
Database 'C:\Users\Iker Lerga\eclipse-workspace prueba\Market26\src\main\resources\products.temp' is opened by 28484@DESKTOP-DFS19DM

[2026-04-07 18:58:16 #2 type] 
Type domain.User is not enhanced.

[2026-04-07 18:58:16 #3 type] 
Type domain.Seller is not enhanced.

[2026-04-07 18:58:16 #4 type] 
Type domain.Offer is not enhanced.

[2026-04-07 18:58:16 #5 type] 
Type domain.Sale is not enhanced.

------------------------------------------------------------------------------------------------------------------------

[2026-04-07 19:05:50 #1 store] 
Database 'C:\Users\Iker Lerga\eclipse-workspace prueba\Market26\src\main\resources\products.temp' is opened by 11792@DESKTOP-DFS19DM

[2026-04-07 19:05:50 #2 type] 
Type domain.User is not enhanced.

[2026-04-07 19:05:50 #3 type] 
Type domain.Seller is not enhanced.

[2026-04-07 19:05:50 #4 type] 
Type domain.Offer is not enhanced.

[2026-04-07 19:05:51 #5 type] 
Type domain.Sale is not enhanced.

------------------------------------------------------------------------------------------------------------------------

[2026-04-07 19:16:29 #1 store] 
Database 'C:\Users\Iker Lerga\eclipse-workspace prueba\Market26\src\main\resources\products.temp' is opened by 6860@DESKTOP-DFS19DM

[2026-04-07 19:16:30 #2 type] 
Type domain.User is not enhanced.

[2026-04-07 19:16:30 #3 type] 
Type domain.Seller is not enhanced.

[2026-04-07 19:16:30 #4 type] 
Type domain.Offer is not enhanced.

[2026-04-07 19:16:30 #5 type] 
Type domain.Sale is not enhanced.

------------------------------------------------------------------------------------------------------------------------

[2026-04-07 19:17:08 #1 store] 
Database 'C:\Users\Iker Lerga\eclipse-workspace prueba\Market26\src\main\resources\products.temp' is opened by 17388@DESKTOP-DFS19DM

[2026-04-07 19:17:09 #2 type] 
Type domain.User is not enhanced.

[2026-04-07 19:17:09 #3 type] 
Type domain.Seller is not enhanced.

[2026-04-07 19:17:09 #4 type] 
Type domain.Offer is not enhanced.

[2026-04-07 19:17:09 #5 type] 
Type domain.Sale is not enhanced.

------------------------------------------------------------------------------------------------------------------------

[2026-04-07 19:20:05 #1 store] 
Database 'C:\Users\Iker Lerga\eclipse-workspace prueba\Market26\src\main\resources\products.temp' is opened by 27540@DESKTOP-DFS19DM

[2026-04-07 19:20:05 #2 type] 
Type domain.User is not enhanced.

[2026-04-07 19:20:05 #3 type] 
Type domain.Seller is not enhanced.

[2026-04-07 19:20:05 #4 type] 
Type domain.Offer is not enhanced.

[2026-04-07 19:20:05 #5 type] 
Type domain.Sale is not enhanced.

------------------------------------------------------------------------------------------------------------------------

[2026-04-07 19:21:35 #1 store] 
Database 'C:\Users\Iker Lerga\eclipse-workspace prueba\Market26\src\main\resources\products.temp' is opened by 6784@DESKTOP-DFS19DM

[2026-04-07 19:21:42 #2 type.registry] 
New type domain.User

[2026-04-07 19:21:42 #3 type] 
Type domain.User is not enhanced.

[2026-04-07 19:22:08 #4 type.registry] 
New type domain.Sale

[2026-04-07 19:22:08 #5 type] 
Type domain.Sale is not enhanced.

[2026-04-07 19:22:08 #6 type.registry] 
New type domain.Seller

[2026-04-07 19:22:08 #7 type] 
Type domain.Seller is not enhanced.

[2026-04-07 19:22:08 #8 type.registry] 
New type domain.Offer

[2026-04-07 19:22:08 #9 type] 
Type domain.Offer is not enhanced.

------------------------------------------------------------------------------------------------------------------------

[2026-04-07 19:27:20 #1 store] 
Database 'C:\Users\Iker Lerga\eclipse-workspace prueba\Market26\src\main\resources\products.temp' is opened by 29776@DESKTOP-DFS19DM

[2026-04-07 19:27:26 #2 type.registry] 
New type domain.User

[2026-04-07 19:27:26 #3 type] 
Type domain.User is not enhanced.

------------------------------------------------------------------------------------------------------------------------

[2026-04-07 19:31:29 #1 store] 
Database 'C:\Users\Iker Lerga\eclipse-workspace prueba\Market26\src\main\resources\products.temp' is opened by 17284@DESKTOP-DFS19DM

------------------------------------------------------------------------------------------------------------------------

[2026-04-07 19:32:22 #1 store] 
Database 'C:\Users\Iker Lerga\eclipse-workspace prueba\Market26\src\main\resources\products.temp' is opened by 3412@DESKTOP-DFS19DM

[2026-04-07 19:32:31 #2 type.registry] 
New type domain.User

[2026-04-07 19:32:31 #3 type] 
Type domain.User is not enhanced.

------------------------------------------------------------------------------------------------------------------------

[2026-04-07 19:33:28 #1 store] 
Database 'C:\Users\Iker Lerga\eclipse-workspace prueba\Market26\src\main\resources\products.temp' has been recovered (tr. 1-3)

[2026-04-07 19:33:28 #2 store] 
Database 'C:\Users\Iker Lerga\eclipse-workspace prueba\Market26\src\main\resources\products.temp' is opened by 15956@DESKTOP-DFS19DM

[2026-04-07 19:33:29 #3 type] 
Type domain.User is not enhanced.

------------------------------------------------------------------------------------------------------------------------

[2026-04-07 19:38:06 #1 store] 
Database 'C:\Users\Iker Lerga\eclipse-workspace prueba\Market26\src\main\resources\products.temp' is opened by 17976@DESKTOP-DFS19DM

[2026-04-07 19:38:16 #2 type.registry] 
New type domain.User

[2026-04-07 19:38:16 #3 type] 
Type domain.User is not enhanced.

------------------------------------------------------------------------------------------------------------------------

[2026-04-07 19:40:20 #1 store] 
Database 'C:\Users\Iker Lerga\eclipse-workspace prueba\Market26\src\main\resources\products.temp' has been recovered (tr. 1-3)

[2026-04-07 19:40:20 #2 store] 
Database 'C:\Users\Iker Lerga\eclipse-workspace prueba\Market26\src\main\resources\products.temp' is opened by 14568@DESKTOP-DFS19DM

[2026-04-07 19:40:20 #3 type] 
Type domain.User is not enhanced.

------------------------------------------------------------------------------------------------------------------------

[2026-04-07 19:42:27 #1 store] 
Database 'C:\Users\Iker Lerga\eclipse-workspace prueba\Market26\src\main\resources\products.temp' has been recovered (tr. 4-4)

[2026-04-07 19:42:27 #2 store] 
Database 'C:\Users\Iker Lerga\eclipse-workspace prueba\Market26\src\main\resources\products.temp' is opened by 21640@DESKTOP-DFS19DM

[2026-04-07 19:42:28 #3 type] 
Type domain.User is not enhanced.

------------------------------------------------------------------------------------------------------------------------

[2026-04-07 19:46:00 #1 store] 
Database 'C:\Users\Iker Lerga\eclipse-workspace prueba\Market26\src\main\resources\products.temp' is opened by 4624@DESKTOP-DFS19DM

[2026-04-07 19:46:00 #2 type] 
Type domain.User is not enhanced.

------------------------------------------------------------------------------------------------------------------------

[2026-04-07 19:46:59 #1 store] 
Database 'C:\Users\Iker Lerga\eclipse-workspace prueba\Market26\src\main\resources\products.temp' is opened by 7804@DESKTOP-DFS19DM

[2026-04-07 19:47:11 #2 type.registry] 
New type domain.User

[2026-04-07 19:47:11 #3 type] 
Type domain.User is not enhanced.

------------------------------------------------------------------------------------------------------------------------

[2026-04-07 19:48:31 #1 store] 
Database 'C:\Users\Iker Lerga\eclipse-workspace prueba\Market26\src\main\resources\products.temp' has been recovered (tr. 1-3)

[2026-04-07 19:48:31 #2 store] 
Database 'C:\Users\Iker Lerga\eclipse-workspace prueba\Market26\src\main\resources\products.temp' is opened by 28704@DESKTOP-DFS19DM

[2026-04-07 19:48:31 #3 type] 
Type domain.User is not enhanced.

------------------------------------------------------------------------------------------------------------------------

[2026-04-07 19:52:46 #1 store] 
Database 'C:\Users\Iker Lerga\eclipse-workspace prueba\Market26\src\main\resources\products.temp' is opened by 22208@DESKTOP-DFS19DM

[2026-04-07 19:52:55 #2 type.registry] 
New type domain.User

[2026-04-07 19:52:55 #3 type] 
Type domain.User is not enhanced.

------------------------------------------------------------------------------------------------------------------------

[2026-04-07 19:55:07 #1 store] 
Database 'C:\Users\Iker Lerga\eclipse-workspace prueba\Market26\src\main\resources\products.temp' has been recovered (tr. 1-3)

[2026-04-07 19:55:07 #2 store] 
Database 'C:\Users\Iker Lerga\eclipse-workspace prueba\Market26\src\main\resources\products.temp' is opened by 1320@DESKTOP-DFS19DM

[2026-04-07 19:55:07 #3 type] 
Type domain.User is not enhanced.

------------------------------------------------------------------------------------------------------------------------

[2026-04-07 19:57:16 #1 store] 
Database 'C:\Users\Iker Lerga\eclipse-workspace prueba\Market26\src\main\resources\products.temp' is opened by 18896@DESKTOP-DFS19DM

[2026-04-07 19:57:16 #2 type.registry] 
New type domain.User

[2026-04-07 19:57:16 #3 type.registry] 
New type domain.Seller

[2026-04-07 19:57:16 #4 type] 
Type domain.User is not enhanced.

[2026-04-07 19:57:16 #5 type] 
Type domain.Seller is not enhanced.

[2026-04-07 19:57:16 #6 type.registry] 
New type domain.Offer

[2026-04-07 19:57:16 #7 type.registry] 
New type domain.Sale

[2026-04-07 19:57:16 #8 type] 
Type domain.Offer is not enhanced.

[2026-04-07 19:57:16 #9 type] 
Type domain.Sale is not enhanced.

[2026-04-07 19:57:16 #10 type.registry] 
New type java.util.ArrayList<java.lang.Object>

[2026-04-07 19:57:16 #11 type.registry] 
New type java.util.ArrayList<domain.Sale>

[2026-04-07 19:57:16 #12 type.registry] 
New type java.util.ArrayList<domain.Offer>

------------------------------------------------------------------------------------------------------------------------

[2026-04-07 19:58:30 #1 store] 
Database 'C:\Users\Iker Lerga\eclipse-workspace prueba\Market26\src\main\resources\products.temp' is opened by 31588@DESKTOP-DFS19DM

[2026-04-07 19:58:30 #2 type.registry] 
New type domain.User

[2026-04-07 19:58:30 #3 type.registry] 
New type domain.Seller

[2026-04-07 19:58:30 #4 type] 
Type domain.User is not enhanced.

[2026-04-07 19:58:30 #5 type] 
Type domain.Seller is not enhanced.

[2026-04-07 19:58:30 #6 type.registry] 
New type domain.Offer

[2026-04-07 19:58:30 #7 type.registry] 
New type domain.Sale

[2026-04-07 19:58:30 #8 type] 
Type domain.Offer is not enhanced.

[2026-04-07 19:58:30 #9 type] 
Type domain.Sale is not enhanced.

[2026-04-07 19:58:30 #10 type.registry] 
New type java.util.ArrayList<java.lang.Object>

[2026-04-07 19:58:30 #11 type.registry] 
New type java.util.ArrayList<domain.Sale>

[2026-04-07 19:58:30 #12 type.registry] 
New type java.util.ArrayList<domain.Offer>

------------------------------------------------------------------------------------------------------------------------

[2026-04-07 20:04:24 #1 store] 
Database 'C:\Users\Iker Lerga\eclipse-workspace prueba\Market26\src\main\resources\products.temp' is opened by 32336@DESKTOP-DFS19DM

[2026-04-07 20:04:24 #2 type.registry] 
New type domain.User

[2026-04-07 20:04:24 #3 type.registry] 
New type domain.Seller

[2026-04-07 20:04:24 #4 type] 
Type domain.User is not enhanced.

[2026-04-07 20:04:24 #5 type] 
Type domain.Seller is not enhanced.

[2026-04-07 20:04:24 #6 type.registry] 
New type domain.Offer

[2026-04-07 20:04:24 #7 type.registry] 
New type domain.Sale

[2026-04-07 20:04:24 #8 type] 
Type domain.Offer is not enhanced.

[2026-04-07 20:04:24 #9 type] 
Type domain.Sale is not enhanced.

[2026-04-07 20:04:24 #10 type.registry] 
New type java.util.ArrayList<java.lang.Object>

[2026-04-07 20:04:24 #11 type.registry] 
New type java.util.ArrayList<domain.Sale>

[2026-04-07 20:04:24 #12 type.registry] 
New type java.util.ArrayList<domain.Offer>

------------------------------------------------------------------------------------------------------------------------

[2026-04-07 20:05:01 #1 store] 
Database 'C:\Users\Iker Lerga\eclipse-workspace prueba\Market26\src\main\resources\products.temp' is opened by 30696@DESKTOP-DFS19DM

[2026-04-07 20:05:02 #2 type.registry] 
New type domain.User

[2026-04-07 20:05:02 #3 type.registry] 
New type domain.Seller

[2026-04-07 20:05:02 #4 type] 
Type domain.User is not enhanced.

[2026-04-07 20:05:02 #5 type] 
Type domain.Seller is not enhanced.

[2026-04-07 20:05:02 #6 type.registry] 
New type domain.Offer

[2026-04-07 20:05:02 #7 type.registry] 
New type domain.Sale

[2026-04-07 20:05:02 #8 type] 
Type domain.Offer is not enhanced.

[2026-04-07 20:05:02 #9 type] 
Type domain.Sale is not enhanced.

[2026-04-07 20:05:02 #10 type.registry] 
New type java.util.ArrayList<java.lang.Object>

[2026-04-07 20:05:02 #11 type.registry] 
New type java.util.ArrayList<domain.Sale>

[2026-04-07 20:05:02 #12 type.registry] 
New type java.util.ArrayList<domain.Offer>

------------------------------------------------------------------------------------------------------------------------

[2026-04-07 20:05:54 #1 store] 
Database 'C:\Users\Iker Lerga\eclipse-workspace prueba\Market26\src\main\resources\products.temp' is opened by 27084@DESKTOP-DFS19DM

[2026-04-07 20:05:54 #2 type.registry] 
New type domain.User

[2026-04-07 20:05:54 #3 type.registry] 
New type domain.Seller

[2026-04-07 20:05:54 #4 type] 
Type domain.User is not enhanced.

[2026-04-07 20:05:54 #5 type] 
Type domain.Seller is not enhanced.

[2026-04-07 20:05:54 #6 type.registry] 
New type domain.Offer

[2026-04-07 20:05:54 #7 type.registry] 
New type domain.Sale

[2026-04-07 20:05:54 #8 type] 
Type domain.Offer is not enhanced.

[2026-04-07 20:05:54 #9 type] 
Type domain.Sale is not enhanced.

[2026-04-07 20:05:54 #10 type.registry] 
New type java.util.ArrayList<java.lang.Object>

[2026-04-07 20:05:54 #11 type.registry] 
New type java.util.ArrayList<domain.Sale>

[2026-04-07 20:05:54 #12 type.registry] 
New type java.util.ArrayList<domain.Offer>

------------------------------------------------------------------------------------------------------------------------

[2026-04-07 20:07:00 #1 store] 
Database 'C:\Users\Iker Lerga\eclipse-workspace prueba\Market26\src\main\resources\products.temp' is opened by 14720@DESKTOP-DFS19DM

[2026-04-07 20:07:00 #2 type.registry] 
New type domain.User

[2026-04-07 20:07:00 #3 type.registry] 
New type domain.Seller

[2026-04-07 20:07:00 #4 type] 
Type domain.User is not enhanced.

[2026-04-07 20:07:00 #5 type] 
Type domain.Seller is not enhanced.

[2026-04-07 20:07:00 #6 type.registry] 
New type domain.Offer

[2026-04-07 20:07:00 #7 type.registry] 
New type domain.Sale

[2026-04-07 20:07:00 #8 type] 
Type domain.Offer is not enhanced.

[2026-04-07 20:07:00 #9 type] 
Type domain.Sale is not enhanced.

[2026-04-07 20:07:00 #10 type.registry] 
New type java.util.ArrayList<java.lang.Object>

[2026-04-07 20:07:00 #11 type.registry] 
New type java.util.ArrayList<domain.Sale>

[2026-04-07 20:07:00 #12 type.registry] 
New type java.util.ArrayList<domain.Offer>

------------------------------------------------------------------------------------------------------------------------

[2026-04-07 20:07:38 #1 store] 
Database 'C:\Users\Iker Lerga\eclipse-workspace prueba\Market26\src\main\resources\products.temp' is opened by 20376@DESKTOP-DFS19DM

[2026-04-07 20:07:38 #2 type.registry] 
New type domain.User

[2026-04-07 20:07:38 #3 type.registry] 
New type domain.Seller

[2026-04-07 20:07:38 #4 type] 
Type domain.User is not enhanced.

[2026-04-07 20:07:38 #5 type] 
Type domain.Seller is not enhanced.

[2026-04-07 20:07:38 #6 type.registry] 
New type domain.Offer

[2026-04-07 20:07:38 #7 type.registry] 
New type domain.Sale

[2026-04-07 20:07:38 #8 type] 
Type domain.Offer is not enhanced.

[2026-04-07 20:07:38 #9 type] 
Type domain.Sale is not enhanced.

[2026-04-07 20:07:39 #10 type.registry] 
New type java.util.ArrayList<java.lang.Object>

[2026-04-07 20:07:39 #11 type.registry] 
New type java.util.ArrayList<domain.Sale>

[2026-04-07 20:07:39 #12 type.registry] 
New type java.util.ArrayList<domain.Offer>

------------------------------------------------------------------------------------------------------------------------

[2026-04-07 20:08:44 #1 store] 
Database 'C:\Users\Iker Lerga\eclipse-workspace prueba\Market26\src\main\resources\products.temp' is opened by 31712@DESKTOP-DFS19DM

[2026-04-07 20:08:44 #2 type.registry] 
New type domain.User

[2026-04-07 20:08:44 #3 type.registry] 
New type domain.Seller

[2026-04-07 20:08:44 #4 type] 
Type domain.User is not enhanced.

[2026-04-07 20:08:44 #5 type] 
Type domain.Seller is not enhanced.

[2026-04-07 20:08:44 #6 type.registry] 
New type domain.Offer

[2026-04-07 20:08:44 #7 type.registry] 
New type domain.Sale

[2026-04-07 20:08:44 #8 type] 
Type domain.Offer is not enhanced.

[2026-04-07 20:08:44 #9 type] 
Type domain.Sale is not enhanced.

[2026-04-07 20:08:44 #10 type.registry] 
New type java.util.ArrayList<java.lang.Object>

[2026-04-07 20:08:44 #11 type.registry] 
New type java.util.ArrayList<domain.Sale>

[2026-04-07 20:08:44 #12 type.registry] 
New type java.util.ArrayList<domain.Offer>

------------------------------------------------------------------------------------------------------------------------

[2026-04-07 20:09:18 #1 store] 
Database 'C:\Users\Iker Lerga\eclipse-workspace prueba\Market26\src\main\resources\products.temp' is opened by 31736@DESKTOP-DFS19DM

[2026-04-07 20:09:18 #2 type.registry] 
New type domain.User

[2026-04-07 20:09:18 #3 type.registry] 
New type domain.Seller

[2026-04-07 20:09:18 #4 type] 
Type domain.User is not enhanced.

[2026-04-07 20:09:18 #5 type] 
Type domain.Seller is not enhanced.

[2026-04-07 20:09:18 #6 type.registry] 
New type domain.Offer

[2026-04-07 20:09:19 #7 type.registry] 
New type domain.Sale

[2026-04-07 20:09:19 #8 type] 
Type domain.Offer is not enhanced.

[2026-04-07 20:09:19 #9 type] 
Type domain.Sale is not enhanced.

[2026-04-07 20:09:19 #10 type.registry] 
New type java.util.ArrayList<java.lang.Object>

[2026-04-07 20:09:19 #11 type.registry] 
New type java.util.ArrayList<domain.Sale>

[2026-04-07 20:09:19 #12 type.registry] 
New type java.util.ArrayList<domain.Offer>

------------------------------------------------------------------------------------------------------------------------

[2026-04-07 20:09:42 #1 store] 
Database 'C:\Users\Iker Lerga\eclipse-workspace prueba\Market26\src\main\resources\products.temp' has been recovered (tr. 1-7)

[2026-04-07 20:09:42 #2 store] 
Database 'C:\Users\Iker Lerga\eclipse-workspace prueba\Market26\src\main\resources\products.temp' is opened by 19068@DESKTOP-DFS19DM

[2026-04-07 20:09:42 #3 type] 
Type domain.User is not enhanced.

[2026-04-07 20:09:42 #4 type] 
Type domain.Seller is not enhanced.

[2026-04-07 20:09:42 #5 type] 
Type domain.Offer is not enhanced.

[2026-04-07 20:09:42 #6 type] 
Type domain.Sale is not enhanced.

------------------------------------------------------------------------------------------------------------------------

[2026-04-07 20:10:19 #1 store] 
Database 'C:\Users\Iker Lerga\eclipse-workspace prueba\Market26\src\main\resources\products.temp' has been recovered (tr. 8-9)

[2026-04-07 20:10:20 #2 store] 
Database 'C:\Users\Iker Lerga\eclipse-workspace prueba\Market26\src\main\resources\products.temp' is opened by 14908@DESKTOP-DFS19DM

[2026-04-07 20:10:20 #3 type] 
Type domain.User is not enhanced.

[2026-04-07 20:10:20 #4 type] 
Type domain.Seller is not enhanced.

[2026-04-07 20:10:20 #5 type] 
Type domain.Offer is not enhanced.

[2026-04-07 20:10:20 #6 type] 
Type domain.Sale is not enhanced.

------------------------------------------------------------------------------------------------------------------------

[2026-04-07 20:10:43 #1 store] 
Database 'C:\Users\Iker Lerga\eclipse-workspace prueba\Market26\src\main\resources\products.temp' is opened by 23684@DESKTOP-DFS19DM

[2026-04-07 20:10:43 #2 type] 
Type domain.User is not enhanced.

[2026-04-07 20:10:43 #3 type] 
Type domain.Seller is not enhanced.

[2026-04-07 20:10:43 #4 type] 
Type domain.Offer is not enhanced.

[2026-04-07 20:10:43 #5 type] 
Type domain.Sale is not enhanced.

------------------------------------------------------------------------------------------------------------------------

[2026-04-07 20:27:39 #1 store] 
Database 'C:\Users\Iker Lerga\eclipse-workspace prueba\Market26\src\main\resources\products.temp' is opened by 15528@DESKTOP-DFS19DM

[2026-04-07 20:27:39 #2 type] 
Type domain.User is not enhanced.

[2026-04-07 20:27:39 #3 type] 
Type domain.Seller is not enhanced.

[2026-04-07 20:27:39 #4 type] 
Type domain.Offer is not enhanced.

[2026-04-07 20:27:39 #5 type] 
Type domain.Sale is not enhanced.

------------------------------------------------------------------------------------------------------------------------

[2026-04-07 20:28:57 #1 store] 
Database 'C:\Users\Iker Lerga\eclipse-workspace prueba\Market26\src\main\resources\products.temp' is opened by 27548@DESKTOP-DFS19DM

[2026-04-07 20:28:57 #2 type] 
Type domain.User is not enhanced.

[2026-04-07 20:28:57 #3 type] 
Type domain.Seller is not enhanced.

[2026-04-07 20:28:57 #4 type] 
Type domain.Offer is not enhanced.

[2026-04-07 20:28:57 #5 type] 
Type domain.Sale is not enhanced.

------------------------------------------------------------------------------------------------------------------------

[2026-04-07 20:42:00 #1 store] 
Database 'C:\Users\Iker Lerga\eclipse-workspace prueba\Market26\src\main\resources\products.temp' is opened by 29556@DESKTOP-DFS19DM

[2026-04-07 20:42:00 #2 type] 
Type domain.User is not enhanced.

[2026-04-07 20:42:00 #3 type] 
Type domain.Seller is not enhanced.

[2026-04-07 20:42:00 #4 type] 
Type domain.Offer is not enhanced.

[2026-04-07 20:42:00 #5 type] 
Type domain.Sale is not enhanced.

------------------------------------------------------------------------------------------------------------------------

[2026-04-07 20:56:17 #1 store] 
Database 'C:\Users\Iker Lerga\eclipse-workspace prueba\Market26\src\main\resources\products.temp' is opened by 12268@DESKTOP-DFS19DM

[2026-04-07 20:56:17 #2 type] 
Type domain.User is not enhanced.

[2026-04-07 20:56:17 #3 type] 
Type domain.Seller is not enhanced.

[2026-04-07 20:56:17 #4 type] 
Type domain.Offer is not enhanced.

[2026-04-07 20:56:17 #5 type] 
Type domain.Sale is not enhanced.

------------------------------------------------------------------------------------------------------------------------

[2026-04-07 20:58:52 #1 store] 
Database 'C:\Users\Iker Lerga\eclipse-workspace prueba\Market26\src\main\resources\products.temp' is opened by 2972@DESKTOP-DFS19DM

[2026-04-07 20:58:52 #2 type] 
Type domain.User is not enhanced.

[2026-04-07 20:58:52 #3 type] 
Type domain.Seller is not enhanced.

[2026-04-07 20:58:52 #4 type] 
Type domain.Offer is not enhanced.

[2026-04-07 20:58:52 #5 type] 
Type domain.Sale is not enhanced.

------------------------------------------------------------------------------------------------------------------------

[2026-04-07 20:59:20 #1 store] 
Database 'C:\Users\Iker Lerga\eclipse-workspace prueba\Market26\src\main\resources\products.temp' is opened by 10320@DESKTOP-DFS19DM

[2026-04-07 20:59:20 #2 type] 
Type domain.User is not enhanced.

[2026-04-07 20:59:20 #3 type] 
Type domain.Seller is not enhanced.

[2026-04-07 20:59:20 #4 type] 
Type domain.Offer is not enhanced.

[2026-04-07 20:59:20 #5 type] 
Type domain.Sale is not enhanced.

------------------------------------------------------------------------------------------------------------------------

[2026-04-07 21:00:50 #1 store] 
Database 'C:\Users\Iker Lerga\eclipse-workspace prueba\Market26\src\main\resources\products.temp' has been recovered (tr. 10-10)

[2026-04-07 21:00:50 #2 store] 
Database 'C:\Users\Iker Lerga\eclipse-workspace prueba\Market26\src\main\resources\products.temp' is opened by 27208@DESKTOP-DFS19DM

[2026-04-07 21:00:51 #3 type] 
Type domain.User is not enhanced.

[2026-04-07 21:00:51 #4 type] 
Type domain.Seller is not enhanced.

[2026-04-07 21:00:51 #5 type] 
Type domain.Offer is not enhanced.

[2026-04-07 21:00:51 #6 type] 
Type domain.Sale is not enhanced.

------------------------------------------------------------------------------------------------------------------------

[2026-04-07 21:01:14 #1 store] 
Database 'C:\Users\Iker Lerga\eclipse-workspace prueba\Market26\src\main\resources\products.temp' is opened by 5060@DESKTOP-DFS19DM

[2026-04-07 21:01:15 #2 type] 
Type domain.User is not enhanced.

[2026-04-07 21:01:15 #3 type] 
Type domain.Seller is not enhanced.

[2026-04-07 21:01:15 #4 type] 
Type domain.Offer is not enhanced.

[2026-04-07 21:01:15 #5 type] 
Type domain.Sale is not enhanced.

------------------------------------------------------------------------------------------------------------------------

[2026-04-07 21:06:06 #1 store] 
Database 'C:\Users\Iker Lerga\eclipse-workspace prueba\Market26\src\main\resources\products.temp' has been recovered (tr. 11-11)

[2026-04-07 21:06:06 #2 store] 
Database 'C:\Users\Iker Lerga\eclipse-workspace prueba\Market26\src\main\resources\products.temp' is opened by 1084@DESKTOP-DFS19DM

[2026-04-07 21:06:06 #3 type] 
Type domain.User is not enhanced.

[2026-04-07 21:06:06 #4 type] 
Type domain.Seller is not enhanced.

[2026-04-07 21:06:06 #5 type] 
Type domain.Offer is not enhanced.

[2026-04-07 21:06:06 #6 type] 
Type domain.Sale is not enhanced.

------------------------------------------------------------------------------------------------------------------------

[2026-04-07 21:06:25 #1 store] 
Database 'C:\Users\Iker Lerga\eclipse-workspace prueba\Market26\src\main\resources\products.temp' is opened by 11496@DESKTOP-DFS19DM

[2026-04-07 21:06:26 #2 type] 
Type domain.User is not enhanced.

[2026-04-07 21:06:26 #3 type] 
Type domain.Seller is not enhanced.

[2026-04-07 21:06:26 #4 type] 
Type domain.Offer is not enhanced.

[2026-04-07 21:06:26 #5 type] 
Type domain.Sale is not enhanced.

------------------------------------------------------------------------------------------------------------------------

[2026-04-07 21:06:45 #1 store] 
Database 'C:\Users\Iker Lerga\eclipse-workspace prueba\Market26\src\main\resources\products.temp' is opened by 29508@DESKTOP-DFS19DM

[2026-04-07 21:06:45 #2 type] 
Type domain.User is not enhanced.

[2026-04-07 21:06:45 #3 type] 
Type domain.Seller is not enhanced.

[2026-04-07 21:06:45 #4 type] 
Type domain.Offer is not enhanced.

[2026-04-07 21:06:45 #5 type] 
Type domain.Sale is not enhanced.

