------------------------------------------------------------------------------------------------------------------------

[2026-03-04 11:34:23 #1 store] 
Database 'C:\Users\Iker Lerga\Downloads\Market26\src\main\resources\products.temp' is opened by 18292@DESKTOP-DFS19DM

[2026-03-04 11:34:24 #2 type.registry] 
New type domain.Seller

[2026-03-04 11:34:24 #3 type] 
Type domain.Seller is not enhanced.

[2026-03-04 11:34:24 #4 type.registry] 
New type domain.Sale

[2026-03-04 11:34:24 #5 type] 
Type domain.Sale is not enhanced.

[2026-03-04 11:34:24 #6 type.registry] 
New type java.util.ArrayList<java.lang.Object>

[2026-03-04 11:34:24 #7 type.registry] 
New type java.util.ArrayList<domain.Sale>

------------------------------------------------------------------------------------------------------------------------

[2026-03-04 13:56:36 #1 store] 
Database 'C:\Users\Iker Lerga\Downloads\Market26\src\main\resources\products.temp' is opened by 33008@DESKTOP-DFS19DM

[2026-03-04 13:56:36 #2 type.registry] 
New type domain.Seller

[2026-03-04 13:56:36 #3 type] 
Type domain.Seller is not enhanced.

[2026-03-04 13:56:36 #4 type.registry] 
New type domain.Sale

[2026-03-04 13:56:36 #5 type] 
Type domain.Sale is not enhanced.

[2026-03-04 13:56:36 #6 type.registry] 
New type java.util.ArrayList<java.lang.Object>

[2026-03-04 13:56:36 #7 type.registry] 
New type java.util.ArrayList<domain.Sale>

------------------------------------------------------------------------------------------------------------------------

[2026-03-04 13:56:59 #1 store] 
Database 'C:\Users\Iker Lerga\Downloads\Market26\src\main\resources\products.temp' is opened by 28608@DESKTOP-DFS19DM

[2026-03-04 13:56:59 #2 type.registry] 
New type domain.Seller

[2026-03-04 13:56:59 #3 type] 
Type domain.Seller is not enhanced.

[2026-03-04 13:56:59 #4 type.registry] 
New type domain.Sale

[2026-03-04 13:56:59 #5 type] 
Type domain.Sale is not enhanced.

[2026-03-04 13:56:59 #6 type.registry] 
New type java.util.ArrayList<java.lang.Object>

[2026-03-04 13:56:59 #7 type.registry] 
New type java.util.ArrayList<domain.Sale>

------------------------------------------------------------------------------------------------------------------------

[2026-03-04 14:10:35 #1 store] 
Database 'C:\Users\Iker Lerga\Downloads\Market26\src\main\resources\products.temp' is opened by 24076@DESKTOP-DFS19DM

[2026-03-04 14:10:35 #2 type.registry] 
New type domain.Seller

[2026-03-04 14:10:35 #3 type] 
Type domain.Seller is not enhanced.

[2026-03-04 14:10:35 #4 type.registry] 
New type domain.Sale

[2026-03-04 14:10:35 #5 type] 
Type domain.Sale is not enhanced.

[2026-03-04 14:10:35 #6 type.registry] 
New type java.util.ArrayList<java.lang.Object>

[2026-03-04 14:10:35 #7 type.registry] 
New type java.util.ArrayList<domain.Sale>

------------------------------------------------------------------------------------------------------------------------

[2026-03-04 14:24:43 #1 store] 
Database 'C:\Users\Iker Lerga\Downloads\Market26\src\main\resources\products.temp' is opened by 31520@DESKTOP-DFS19DM

[2026-03-04 14:24:43 #2 type.registry] 
New type domain.Seller

[2026-03-04 14:24:43 #3 type] 
Type domain.Seller is not enhanced.

[2026-03-04 14:24:43 #4 type.registry] 
New type domain.Sale

[2026-03-04 14:24:43 #5 type] 
Type domain.Sale is not enhanced.

[2026-03-04 14:24:43 #6 type.registry] 
New type java.util.ArrayList<java.lang.Object>

[2026-03-04 14:24:43 #7 type.registry] 
New type java.util.ArrayList<domain.Sale>

------------------------------------------------------------------------------------------------------------------------

[2026-03-04 14:35:49 #1 store] 
Database 'C:\Users\Iker Lerga\Downloads\Market26\src\main\resources\products.temp' is opened by 29568@DESKTOP-DFS19DM

[2026-03-04 14:35:49 #2 type.registry] 
New type domain.Seller

[2026-03-04 14:35:49 #3 type] 
Type domain.Seller is not enhanced.

[2026-03-04 14:35:49 #4 type.registry] 
New type domain.Sale

[2026-03-04 14:35:49 #5 type] 
Type domain.Sale is not enhanced.

[2026-03-04 14:35:49 #6 type.registry] 
New type java.util.ArrayList<java.lang.Object>

[2026-03-04 14:35:49 #7 type.registry] 
New type java.util.ArrayList<domain.Sale>

------------------------------------------------------------------------------------------------------------------------

[2026-03-04 15:35:27 #1 store] 
Database 'C:\Users\Iker Lerga\Downloads\Market26\src\main\resources\products.temp' is opened by 32560@DESKTOP-DFS19DM

[2026-03-04 15:35:28 #2 type.registry] 
New type domain.Seller

[2026-03-04 15:35:28 #3 type] 
Type domain.Seller is not enhanced.

[2026-03-04 15:35:28 #4 type.registry] 
New type domain.Sale

[2026-03-04 15:35:28 #5 type] 
Type domain.Sale is not enhanced.

[2026-03-04 15:35:28 #6 type.registry] 
New type java.util.ArrayList<java.lang.Object>

[2026-03-04 15:35:28 #7 type.registry] 
New type java.util.ArrayList<domain.Sale>

------------------------------------------------------------------------------------------------------------------------

[2026-03-04 15:49:22 #1 store] 
Database 'C:\Users\Iker Lerga\Downloads\Market26\src\main\resources\products.temp' is opened by 17996@DESKTOP-DFS19DM

[2026-03-04 15:49:22 #2 type.registry] 
New type domain.Seller

[2026-03-04 15:49:22 #3 type] 
Type domain.Seller is not enhanced.

[2026-03-04 15:49:22 #4 type.registry] 
New type domain.Sale

[2026-03-04 15:49:22 #5 type] 
Type domain.Sale is not enhanced.

[2026-03-04 15:49:22 #6 type.registry] 
New type java.util.ArrayList<java.lang.Object>

[2026-03-04 15:49:22 #7 type.registry] 
New type java.util.ArrayList<domain.Sale>

[2026-03-04 15:49:38 #8 type.registry] 
New type domain.User

[2026-03-04 15:49:38 #9 type] 
Type domain.User is not enhanced.

------------------------------------------------------------------------------------------------------------------------

[2026-03-04 15:52:45 #1 store] 
Database 'C:\Users\Iker Lerga\Downloads\Market26\src\main\resources\products.temp' is opened by 28856@DESKTOP-DFS19DM

[2026-03-04 15:52:45 #2 type.registry] 
New type domain.Seller

[2026-03-04 15:52:45 #3 type] 
Type domain.Seller is not enhanced.

[2026-03-04 15:52:45 #4 type.registry] 
New type domain.Sale

[2026-03-04 15:52:45 #5 type] 
Type domain.Sale is not enhanced.

[2026-03-04 15:52:45 #6 type.registry] 
New type java.util.ArrayList<java.lang.Object>

[2026-03-04 15:52:45 #7 type.registry] 
New type java.util.ArrayList<domain.Sale>

------------------------------------------------------------------------------------------------------------------------

[2026-03-04 16:04:50 #1 store] 
Database 'C:\Users\Iker Lerga\Downloads\Market26\src\main\resources\products.temp' is opened by 36384@DESKTOP-DFS19DM

[2026-03-04 16:04:50 #2 type.registry] 
New type domain.Seller

[2026-03-04 16:04:50 #3 type] 
Type domain.Seller is not enhanced.

[2026-03-04 16:04:50 #4 type.registry] 
New type domain.Sale

[2026-03-04 16:04:50 #5 type] 
Type domain.Sale is not enhanced.

[2026-03-04 16:04:50 #6 type.registry] 
New type java.util.ArrayList<java.lang.Object>

[2026-03-04 16:04:50 #7 type.registry] 
New type java.util.ArrayList<domain.Sale>

[2026-03-04 16:05:15 #8 type.registry] 
New type domain.User

[2026-03-04 16:05:15 #9 type] 
Type domain.User is not enhanced.

------------------------------------------------------------------------------------------------------------------------

[2026-03-04 16:10:03 #1 store] 
Database 'C:\Users\Iker Lerga\Downloads\Market26\src\main\resources\products.temp' is opened by 24976@DESKTOP-DFS19DM

[2026-03-04 16:10:03 #2 type.registry] 
New type domain.Seller

[2026-03-04 16:10:03 #3 type] 
Type domain.Seller is not enhanced.

[2026-03-04 16:10:03 #4 type.registry] 
New type domain.Sale

[2026-03-04 16:10:03 #5 type] 
Type domain.Sale is not enhanced.

[2026-03-04 16:10:03 #6 type.registry] 
New type java.util.ArrayList<java.lang.Object>

[2026-03-04 16:10:03 #7 type.registry] 
New type java.util.ArrayList<domain.Sale>

------------------------------------------------------------------------------------------------------------------------

[2026-03-04 16:14:34 #1 store] 
Database 'C:\Users\Iker Lerga\Downloads\Market26\src\main\resources\products.temp' is opened by 39032@DESKTOP-DFS19DM

[2026-03-04 16:14:34 #2 type.registry] 
New type domain.Seller

[2026-03-04 16:14:34 #3 type] 
Type domain.Seller is not enhanced.

[2026-03-04 16:14:34 #4 type.registry] 
New type domain.Sale

[2026-03-04 16:14:34 #5 type] 
Type domain.Sale is not enhanced.

[2026-03-04 16:14:35 #6 type.registry] 
New type java.util.ArrayList<java.lang.Object>

[2026-03-04 16:14:35 #7 type.registry] 
New type java.util.ArrayList<domain.Sale>

------------------------------------------------------------------------------------------------------------------------

[2026-03-04 16:17:32 #1 store] 
Database 'C:\Users\Iker Lerga\Downloads\Market26\src\main\resources\products.temp' is opened by 25256@DESKTOP-DFS19DM

[2026-03-04 16:17:32 #2 type.registry] 
New type domain.Seller

[2026-03-04 16:17:32 #3 type] 
Type domain.Seller is not enhanced.

[2026-03-04 16:17:32 #4 type.registry] 
New type domain.Sale

[2026-03-04 16:17:32 #5 type] 
Type domain.Sale is not enhanced.

[2026-03-04 16:17:32 #6 type.registry] 
New type java.util.ArrayList<java.lang.Object>

[2026-03-04 16:17:32 #7 type.registry] 
New type java.util.ArrayList<domain.Sale>

------------------------------------------------------------------------------------------------------------------------

[2026-03-04 16:19:00 #1 store] 
Database 'C:\Users\Iker Lerga\Downloads\Market26\src\main\resources\products.temp' is opened by 30988@DESKTOP-DFS19DM

[2026-03-04 16:19:01 #2 type.registry] 
New type domain.Seller

[2026-03-04 16:19:01 #3 type] 
Type domain.Seller is not enhanced.

[2026-03-04 16:19:01 #4 type.registry] 
New type domain.Sale

[2026-03-04 16:19:01 #5 type] 
Type domain.Sale is not enhanced.

[2026-03-04 16:19:01 #6 type.registry] 
New type java.util.ArrayList<java.lang.Object>

[2026-03-04 16:19:01 #7 type.registry] 
New type java.util.ArrayList<domain.Sale>

------------------------------------------------------------------------------------------------------------------------

[2026-03-04 16:23:56 #1 store] 
Database 'C:\Users\Iker Lerga\Downloads\Market26\src\main\resources\products.temp' is opened by 15988@DESKTOP-DFS19DM

[2026-03-04 16:23:56 #2 type.registry] 
New type domain.User

[2026-03-04 16:23:56 #3 type] 
Type domain.User is not enhanced.

[2026-03-04 16:23:56 #4 type.registry] 
New type domain.Seller

[2026-03-04 16:23:56 #5 type] 
Type domain.Seller is not enhanced.

[2026-03-04 16:23:56 #6 type.registry] 
New type domain.Sale

[2026-03-04 16:23:56 #7 type] 
Type domain.Sale is not enhanced.

[2026-03-04 16:23:56 #8 type.registry] 
New type java.util.ArrayList<java.lang.Object>

[2026-03-04 16:23:56 #9 type.registry] 
New type java.util.ArrayList<domain.Sale>

------------------------------------------------------------------------------------------------------------------------

[2026-03-04 16:25:31 #1 store] 
Database 'C:\Users\Iker Lerga\Downloads\Market26\src\main\resources\products.temp' is opened by 22492@DESKTOP-DFS19DM

[2026-03-04 16:25:31 #2 type.registry] 
New type domain.User

[2026-03-04 16:25:31 #3 type] 
Type domain.User is not enhanced.

[2026-03-04 16:25:31 #4 type.registry] 
New type domain.Seller

[2026-03-04 16:25:31 #5 type] 
Type domain.Seller is not enhanced.

[2026-03-04 16:25:31 #6 type.registry] 
New type domain.Sale

[2026-03-04 16:25:31 #7 type] 
Type domain.Sale is not enhanced.

[2026-03-04 16:25:31 #8 type.registry] 
New type java.util.ArrayList<java.lang.Object>

[2026-03-04 16:25:31 #9 type.registry] 
New type java.util.ArrayList<domain.Sale>

------------------------------------------------------------------------------------------------------------------------

[2026-03-04 16:26:45 #1 store] 
Database 'C:\Users\Iker Lerga\Downloads\Market26\src\main\resources\products.temp' is opened by 38628@DESKTOP-DFS19DM

[2026-03-04 16:26:46 #2 type.registry] 
New type domain.User

[2026-03-04 16:26:46 #3 type] 
Type domain.User is not enhanced.

[2026-03-04 16:26:46 #4 type.registry] 
New type domain.Seller

[2026-03-04 16:26:46 #5 type] 
Type domain.Seller is not enhanced.

[2026-03-04 16:26:46 #6 type.registry] 
New type domain.Sale

[2026-03-04 16:26:46 #7 type] 
Type domain.Sale is not enhanced.

[2026-03-04 16:26:46 #8 type.registry] 
New type java.util.ArrayList<java.lang.Object>

[2026-03-04 16:26:46 #9 type.registry] 
New type java.util.ArrayList<domain.Sale>

------------------------------------------------------------------------------------------------------------------------

[2026-03-04 16:29:01 #1 store] 
Database 'C:\Users\Iker Lerga\Downloads\Market26\src\main\resources\products.temp' is opened by 37284@DESKTOP-DFS19DM

[2026-03-04 16:29:02 #2 type.registry] 
New type domain.User

[2026-03-04 16:29:02 #3 type] 
Type domain.User is not enhanced.

[2026-03-04 16:29:02 #4 type.registry] 
New type domain.Seller

[2026-03-04 16:29:02 #5 type] 
Type domain.Seller is not enhanced.

[2026-03-04 16:29:02 #6 type.registry] 
New type domain.Sale

[2026-03-04 16:29:02 #7 type] 
Type domain.Sale is not enhanced.

[2026-03-04 16:29:02 #8 type.registry] 
New type java.util.ArrayList<java.lang.Object>

[2026-03-04 16:29:02 #9 type.registry] 
New type java.util.ArrayList<domain.Sale>

------------------------------------------------------------------------------------------------------------------------

[2026-03-04 16:31:53 #1 store] 
Database 'C:\Users\Iker Lerga\Downloads\Market26\src\main\resources\products.temp' is opened by 28728@DESKTOP-DFS19DM

[2026-03-04 16:31:53 #2 type.registry] 
New type domain.User

[2026-03-04 16:31:53 #3 type] 
Type domain.User is not enhanced.

[2026-03-04 16:31:54 #4 type.registry] 
New type domain.Seller

[2026-03-04 16:31:54 #5 type] 
Type domain.Seller is not enhanced.

[2026-03-04 16:31:54 #6 type.registry] 
New type domain.Sale

[2026-03-04 16:31:54 #7 type] 
Type domain.Sale is not enhanced.

[2026-03-04 16:31:54 #8 type.registry] 
New type java.util.ArrayList<java.lang.Object>

[2026-03-04 16:31:54 #9 type.registry] 
New type java.util.ArrayList<domain.Sale>

------------------------------------------------------------------------------------------------------------------------

[2026-03-04 16:41:51 #1 store] 
Database 'C:\Users\Iker Lerga\Downloads\Market26\src\main\resources\products.temp' is opened by 35516@DESKTOP-DFS19DM

[2026-03-04 16:41:52 #2 type.registry] 
New type domain.User

[2026-03-04 16:41:52 #3 type] 
Type domain.User is not enhanced.

[2026-03-04 16:41:52 #4 type.registry] 
New type domain.Seller

[2026-03-04 16:41:52 #5 type] 
Type domain.Seller is not enhanced.

[2026-03-04 16:41:52 #6 type.registry] 
New type domain.Sale

[2026-03-04 16:41:52 #7 type] 
Type domain.Sale is not enhanced.

[2026-03-04 16:41:52 #8 type.registry] 
New type java.util.ArrayList<java.lang.Object>

[2026-03-04 16:41:52 #9 type.registry] 
New type java.util.ArrayList<domain.Sale>

------------------------------------------------------------------------------------------------------------------------

[2026-03-04 16:43:03 #1 store] 
Database 'C:\Users\Iker Lerga\Downloads\Market26\src\main\resources\products.temp' is opened by 36852@DESKTOP-DFS19DM

[2026-03-04 16:43:04 #2 type.registry] 
New type domain.User

[2026-03-04 16:43:04 #3 type] 
Type domain.User is not enhanced.

[2026-03-04 16:43:04 #4 type.registry] 
New type domain.Seller

[2026-03-04 16:43:04 #5 type] 
Type domain.Seller is not enhanced.

[2026-03-04 16:43:04 #6 type.registry] 
New type domain.Sale

[2026-03-04 16:43:04 #7 type] 
Type domain.Sale is not enhanced.

[2026-03-04 16:43:04 #8 type.registry] 
New type java.util.ArrayList<java.lang.Object>

[2026-03-04 16:43:04 #9 type.registry] 
New type java.util.ArrayList<domain.Sale>

------------------------------------------------------------------------------------------------------------------------

[2026-03-04 16:44:52 #1 store] 
Database 'C:\Users\Iker Lerga\Downloads\Market26\src\main\resources\products.temp' is opened by 13068@DESKTOP-DFS19DM

[2026-03-04 16:44:52 #2 type.registry] 
New type domain.User

[2026-03-04 16:44:52 #3 type] 
Type domain.User is not enhanced.

[2026-03-04 16:44:52 #4 type.registry] 
New type domain.Seller

[2026-03-04 16:44:52 #5 type] 
Type domain.Seller is not enhanced.

[2026-03-04 16:44:52 #6 type.registry] 
New type domain.Sale

[2026-03-04 16:44:52 #7 type] 
Type domain.Sale is not enhanced.

[2026-03-04 16:44:52 #8 type.registry] 
New type java.util.ArrayList<java.lang.Object>

[2026-03-04 16:44:52 #9 type.registry] 
New type java.util.ArrayList<domain.Sale>

------------------------------------------------------------------------------------------------------------------------

[2026-03-04 16:49:43 #1 store] 
Database 'C:\Users\Iker Lerga\Downloads\Market26\src\main\resources\products.temp' is opened by 25524@DESKTOP-DFS19DM

[2026-03-04 16:49:44 #2 type.registry] 
New type domain.Seller

[2026-03-04 16:49:44 #3 type] 
Type domain.Seller is not enhanced.

[2026-03-04 16:49:44 #4 type.registry] 
New type domain.Sale

[2026-03-04 16:49:44 #5 type] 
Type domain.Sale is not enhanced.

[2026-03-04 16:49:44 #6 type.registry] 
New type java.util.ArrayList<java.lang.Object>

[2026-03-04 16:49:44 #7 type.registry] 
New type java.util.ArrayList<domain.Sale>

[2026-03-04 16:49:55 #8 type.registry] 
New type domain.User

[2026-03-04 16:49:55 #9 type] 
Type domain.User is not enhanced.

------------------------------------------------------------------------------------------------------------------------

[2026-03-04 17:08:01 #1 store] 
Database 'C:\Users\Iker Lerga\Downloads\Market26\src\main\resources\products.temp' is opened by 37512@DESKTOP-DFS19DM

[2026-03-04 17:08:01 #2 type.registry] 
New type domain.Seller

[2026-03-04 17:08:01 #3 type] 
Type domain.Seller is not enhanced.

[2026-03-04 17:08:01 #4 type.registry] 
New type domain.Sale

[2026-03-04 17:08:01 #5 type] 
Type domain.Sale is not enhanced.

[2026-03-04 17:08:01 #6 type.registry] 
New type java.util.ArrayList<java.lang.Object>

[2026-03-04 17:08:01 #7 type.registry] 
New type java.util.ArrayList<domain.Sale>

------------------------------------------------------------------------------------------------------------------------

[2026-03-04 17:10:45 #1 store] 
Database 'C:\Users\Iker Lerga\Downloads\Market26\src\main\resources\products.temp' is opened by 38224@DESKTOP-DFS19DM

[2026-03-04 17:10:45 #2 type.registry] 
New type domain.Seller

[2026-03-04 17:10:45 #3 type] 
Type domain.Seller is not enhanced.

[2026-03-04 17:10:45 #4 type.registry] 
New type domain.Sale

[2026-03-04 17:10:45 #5 type] 
Type domain.Sale is not enhanced.

[2026-03-04 17:10:45 #6 type.registry] 
New type java.util.ArrayList<java.lang.Object>

[2026-03-04 17:10:45 #7 type.registry] 
New type java.util.ArrayList<domain.Sale>

------------------------------------------------------------------------------------------------------------------------

[2026-03-04 17:22:00 #1 store] 
Database 'C:\Users\Iker Lerga\Downloads\Market26\src\main\resources\products.temp' is opened by 38428@DESKTOP-DFS19DM

[2026-03-04 17:22:00 #2 type.registry] 
New type domain.Seller

[2026-03-04 17:22:00 #3 type] 
Type domain.Seller is not enhanced.

[2026-03-04 17:22:00 #4 type.registry] 
New type domain.Sale

[2026-03-04 17:22:00 #5 type] 
Type domain.Sale is not enhanced.

[2026-03-04 17:22:00 #6 type.registry] 
New type java.util.ArrayList<java.lang.Object>

[2026-03-04 17:22:00 #7 type.registry] 
New type java.util.ArrayList<domain.Sale>

------------------------------------------------------------------------------------------------------------------------

[2026-03-04 17:22:11 #1 store] 
Database 'C:\Users\Iker Lerga\Downloads\Market26\src\main\resources\products.temp' is opened by 29980@DESKTOP-DFS19DM

[2026-03-04 17:22:11 #2 type.registry] 
New type domain.Seller

[2026-03-04 17:22:11 #3 type] 
Type domain.Seller is not enhanced.

[2026-03-04 17:22:11 #4 type.registry] 
New type domain.Sale

[2026-03-04 17:22:11 #5 type] 
Type domain.Sale is not enhanced.

[2026-03-04 17:22:11 #6 type.registry] 
New type java.util.ArrayList<java.lang.Object>

[2026-03-04 17:22:11 #7 type.registry] 
New type java.util.ArrayList<domain.Sale>

------------------------------------------------------------------------------------------------------------------------

[2026-03-04 17:54:56 #1 store] 
Database 'C:\Users\Iker Lerga\Downloads\Market26\src\main\resources\products.temp' is opened by 36200@DESKTOP-DFS19DM

[2026-03-04 17:54:56 #2 type.registry] 
New type domain.Seller

[2026-03-04 17:54:56 #3 type] 
Type domain.Seller is not enhanced.

[2026-03-04 17:54:56 #4 type.registry] 
New type domain.Sale

[2026-03-04 17:54:56 #5 type] 
Type domain.Sale is not enhanced.

[2026-03-04 17:54:56 #6 type.registry] 
New type java.util.ArrayList<java.lang.Object>

[2026-03-04 17:54:56 #7 type.registry] 
New type java.util.ArrayList<domain.Sale>

------------------------------------------------------------------------------------------------------------------------

[2026-03-04 17:57:06 #1 store] 
Database 'C:\Users\Iker Lerga\Downloads\Market26\src\main\resources\products.temp' is opened by 17420@DESKTOP-DFS19DM

[2026-03-04 17:57:07 #2 type.registry] 
New type domain.Seller

[2026-03-04 17:57:07 #3 type] 
Type domain.Seller is not enhanced.

[2026-03-04 17:57:07 #4 type.registry] 
New type domain.Sale

[2026-03-04 17:57:07 #5 type] 
Type domain.Sale is not enhanced.

[2026-03-04 17:57:07 #6 type.registry] 
New type java.util.ArrayList<java.lang.Object>

[2026-03-04 17:57:07 #7 type.registry] 
New type java.util.ArrayList<domain.Sale>

------------------------------------------------------------------------------------------------------------------------

[2026-03-04 18:00:38 #1 store] 
Database 'C:\Users\Iker Lerga\Downloads\Market26\src\main\resources\products.temp' is opened by 26388@DESKTOP-DFS19DM

[2026-03-04 18:00:38 #2 type.registry] 
New type domain.Seller

[2026-03-04 18:00:38 #3 type] 
Type domain.Seller is not enhanced.

[2026-03-04 18:00:39 #4 type.registry] 
New type domain.Sale

[2026-03-04 18:00:39 #5 type] 
Type domain.Sale is not enhanced.

[2026-03-04 18:00:39 #6 type.registry] 
New type java.util.ArrayList<java.lang.Object>

[2026-03-04 18:00:39 #7 type.registry] 
New type java.util.ArrayList<domain.Sale>

[2026-03-04 18:00:52 #8 type.registry] 
New type domain.User

[2026-03-04 18:00:52 #9 type] 
Type domain.User is not enhanced.

------------------------------------------------------------------------------------------------------------------------

[2026-03-04 18:01:54 #1 store] 
Database 'C:\Users\Iker Lerga\Downloads\Market26\src\main\resources\products.temp' is opened by 32264@DESKTOP-DFS19DM

[2026-03-04 18:01:54 #2 type.registry] 
New type domain.Seller

[2026-03-04 18:01:54 #3 type] 
Type domain.Seller is not enhanced.

[2026-03-04 18:01:54 #4 type.registry] 
New type domain.Sale

[2026-03-04 18:01:54 #5 type] 
Type domain.Sale is not enhanced.

[2026-03-04 18:01:54 #6 type.registry] 
New type java.util.ArrayList<java.lang.Object>

[2026-03-04 18:01:55 #7 type.registry] 
New type java.util.ArrayList<domain.Sale>

[2026-03-04 18:02:10 #8 type.registry] 
New type domain.User

[2026-03-04 18:02:10 #9 type] 
Type domain.User is not enhanced.

------------------------------------------------------------------------------------------------------------------------

[2026-03-04 18:03:29 #1 store] 
Database 'C:\Users\Iker Lerga\Downloads\Market26\src\main\resources\products.temp' is opened by 40372@DESKTOP-DFS19DM

[2026-03-04 18:03:29 #2 type.registry] 
New type domain.Seller

[2026-03-04 18:03:29 #3 type] 
Type domain.Seller is not enhanced.

[2026-03-04 18:03:29 #4 type.registry] 
New type domain.Sale

[2026-03-04 18:03:29 #5 type] 
Type domain.Sale is not enhanced.

[2026-03-04 18:03:29 #6 type.registry] 
New type java.util.ArrayList<java.lang.Object>

[2026-03-04 18:03:29 #7 type.registry] 
New type java.util.ArrayList<domain.Sale>

[2026-03-04 18:03:58 #8 type.registry] 
New type domain.User

[2026-03-04 18:03:58 #9 type] 
Type domain.User is not enhanced.

------------------------------------------------------------------------------------------------------------------------

[2026-03-04 18:04:12 #1 store] 
Database 'C:\Users\Iker Lerga\Downloads\Market26\src\main\resources\products.temp' is opened by 32336@DESKTOP-DFS19DM

[2026-03-04 18:04:12 #2 type.registry] 
New type domain.Seller

[2026-03-04 18:04:12 #3 type] 
Type domain.Seller is not enhanced.

[2026-03-04 18:04:12 #4 type.registry] 
New type domain.Sale

[2026-03-04 18:04:12 #5 type] 
Type domain.Sale is not enhanced.

[2026-03-04 18:04:12 #6 type.registry] 
New type java.util.ArrayList<java.lang.Object>

[2026-03-04 18:04:12 #7 type.registry] 
New type java.util.ArrayList<domain.Sale>

[2026-03-04 18:04:32 #8 type.registry] 
New type domain.User

[2026-03-04 18:04:32 #9 type] 
Type domain.User is not enhanced.

------------------------------------------------------------------------------------------------------------------------

[2026-03-04 18:10:03 #1 store] 
Database 'C:\Users\Iker Lerga\Downloads\Market26\src\main\resources\products.temp' is opened by 13160@DESKTOP-DFS19DM

[2026-03-04 18:10:03 #2 type.registry] 
New type domain.Seller

[2026-03-04 18:10:03 #3 type] 
Type domain.Seller is not enhanced.

[2026-03-04 18:10:03 #4 type.registry] 
New type domain.Sale

[2026-03-04 18:10:03 #5 type] 
Type domain.Sale is not enhanced.

[2026-03-04 18:10:04 #6 type.registry] 
New type java.util.ArrayList<java.lang.Object>

[2026-03-04 18:10:04 #7 type.registry] 
New type java.util.ArrayList<domain.Sale>

------------------------------------------------------------------------------------------------------------------------

[2026-03-04 18:14:42 #1 store] 
Database 'C:\Users\Iker Lerga\Downloads\Market26\src\main\resources\products.temp' is opened by 17376@DESKTOP-DFS19DM

[2026-03-04 18:14:43 #2 type.registry] 
New type domain.User

[2026-03-04 18:14:43 #3 type] 
Type domain.User is not enhanced.

[2026-03-04 18:14:43 #4 type.registry] 
New type domain.Seller

[2026-03-04 18:14:43 #5 type] 
Type domain.Seller is not enhanced.

[2026-03-04 18:14:43 #6 type.registry] 
New type domain.Sale

[2026-03-04 18:14:43 #7 type] 
Type domain.Sale is not enhanced.

[2026-03-04 18:14:43 #8 type.registry] 
New type java.util.ArrayList<java.lang.Object>

[2026-03-04 18:14:43 #9 type.registry] 
New type java.util.ArrayList<domain.Sale>

------------------------------------------------------------------------------------------------------------------------

[2026-03-04 18:54:31 #1 store] 
Database 'C:\Users\Usuario\eclipse-workspace\Market26\src\main\resources\products.temp' is opened by 17816@DESKTOP-BQ8M13F

[2026-03-04 18:54:31 #2 type.registry] 
New type domain.User

[2026-03-04 18:54:31 #3 type] 
Type domain.User is not enhanced.

[2026-03-04 18:54:31 #4 type.registry] 
New type domain.Seller

[2026-03-04 18:54:31 #5 type] 
Type domain.Seller is not enhanced.

[2026-03-04 18:54:31 #6 type.registry] 
New type domain.Sale

[2026-03-04 18:54:31 #7 type] 
Type domain.Sale is not enhanced.

[2026-03-04 18:54:31 #8 type.registry] 
New type java.util.ArrayList<java.lang.Object>

[2026-03-04 18:54:31 #9 type.registry] 
New type java.util.ArrayList<domain.Sale>

------------------------------------------------------------------------------------------------------------------------

[2026-03-04 18:59:19 #1 store] 
Database 'C:\Users\Usuario\eclipse-workspace\Market26\src\main\resources\products.temp' is opened by 11864@DESKTOP-BQ8M13F

[2026-03-04 18:59:19 #2 type.registry] 
New type domain.User

[2026-03-04 18:59:19 #3 type.registry] 
New type domain.Seller

[2026-03-04 18:59:19 #4 type] 
Type domain.User is not enhanced.

[2026-03-04 18:59:19 #5 type] 
Type domain.Seller is not enhanced.

[2026-03-04 18:59:19 #6 type.registry] 
New type domain.Sale

[2026-03-04 18:59:19 #7 type] 
Type domain.Sale is not enhanced.

[2026-03-04 18:59:19 #8 type.registry] 
New type java.util.ArrayList<java.lang.Object>

[2026-03-04 18:59:19 #9 type.registry] 
New type java.util.ArrayList<domain.Sale>

------------------------------------------------------------------------------------------------------------------------

[2026-03-04 19:00:20 #1 store] 
Database 'C:\Users\Usuario\eclipse-workspace\Market26\src\main\resources\products.temp' is opened by 5328@DESKTOP-BQ8M13F

[2026-03-04 19:00:20 #2 type.registry] 
New type domain.User

[2026-03-04 19:00:20 #3 type.registry] 
New type domain.Seller

[2026-03-04 19:00:20 #4 type] 
Type domain.User is not enhanced.

[2026-03-04 19:00:20 #5 type] 
Type domain.Seller is not enhanced.

[2026-03-04 19:00:20 #6 type.registry] 
New type domain.Sale

[2026-03-04 19:00:20 #7 type] 
Type domain.Sale is not enhanced.

[2026-03-04 19:00:20 #8 type.registry] 
New type java.util.ArrayList<java.lang.Object>

[2026-03-04 19:00:20 #9 type.registry] 
New type java.util.ArrayList<domain.Sale>

------------------------------------------------------------------------------------------------------------------------

[2026-03-04 19:01:27 #1 store] 
Database 'C:\Users\Usuario\eclipse-workspace\Market26\src\main\resources\products.temp' is opened by 34984@DESKTOP-BQ8M13F

[2026-03-04 19:01:27 #2 type.registry] 
New type domain.User

[2026-03-04 19:01:27 #3 type.registry] 
New type domain.Seller

[2026-03-04 19:01:27 #4 type] 
Type domain.User is not enhanced.

[2026-03-04 19:01:27 #5 type] 
Type domain.Seller is not enhanced.

[2026-03-04 19:01:27 #6 type.registry] 
New type domain.Sale

[2026-03-04 19:01:27 #7 type] 
Type domain.Sale is not enhanced.

[2026-03-04 19:01:27 #8 type.registry] 
New type java.util.ArrayList<java.lang.Object>

[2026-03-04 19:01:27 #9 type.registry] 
New type java.util.ArrayList<domain.Sale>

------------------------------------------------------------------------------------------------------------------------

[2026-03-04 19:11:43 #1 store] 
Database 'C:\Users\Usuario\eclipse-workspace\Market26\src\main\resources\products.temp' is opened by 14944@DESKTOP-BQ8M13F

[2026-03-04 19:11:43 #2 type.registry] 
New type domain.User

[2026-03-04 19:11:43 #3 type.registry] 
New type domain.Seller

[2026-03-04 19:11:43 #4 type] 
Type domain.User is not enhanced.

[2026-03-04 19:11:43 #5 type] 
Type domain.Seller is not enhanced.

[2026-03-04 19:11:43 #6 type.registry] 
New type domain.Sale

[2026-03-04 19:11:43 #7 type] 
Type domain.Sale is not enhanced.

[2026-03-04 19:11:43 #8 type.registry] 
New type java.util.ArrayList<java.lang.Object>

[2026-03-04 19:11:43 #9 type.registry] 
New type java.util.ArrayList<domain.Sale>

------------------------------------------------------------------------------------------------------------------------

[2026-03-04 19:13:56 #1 store] 
Database 'C:\Users\Usuario\eclipse-workspace\Market26\src\main\resources\products.temp' is opened by 5804@DESKTOP-BQ8M13F

[2026-03-04 19:13:56 #2 type.registry] 
New type domain.User

[2026-03-04 19:13:56 #3 type.registry] 
New type domain.Seller

[2026-03-04 19:13:56 #4 type] 
Type domain.User is not enhanced.

[2026-03-04 19:13:56 #5 type] 
Type domain.Seller is not enhanced.

[2026-03-04 19:13:57 #6 type.registry] 
New type domain.Sale

[2026-03-04 19:13:57 #7 type] 
Type domain.Sale is not enhanced.

[2026-03-04 19:13:57 #8 type.registry] 
New type java.util.ArrayList<java.lang.Object>

[2026-03-04 19:13:57 #9 type.registry] 
New type java.util.ArrayList<domain.Sale>

------------------------------------------------------------------------------------------------------------------------

[2026-03-04 19:34:31 #1 store] 
Database 'C:\Users\Usuario\eclipse-workspace\Market26\src\main\resources\products.temp' is opened by 33448@DESKTOP-BQ8M13F

[2026-03-04 19:34:31 #2 type.registry] 
New type domain.User

[2026-03-04 19:34:31 #3 type.registry] 
New type domain.Seller

[2026-03-04 19:34:31 #4 type] 
Type domain.User is not enhanced.

[2026-03-04 19:34:31 #5 type] 
Type domain.Seller is not enhanced.

[2026-03-04 19:34:31 #6 type.registry] 
New type domain.Sale

[2026-03-04 19:34:31 #7 type] 
Type domain.Sale is not enhanced.

[2026-03-04 19:34:31 #8 type.registry] 
New type java.util.ArrayList<java.lang.Object>

[2026-03-04 19:34:31 #9 type.registry] 
New type java.util.ArrayList<domain.Sale>

------------------------------------------------------------------------------------------------------------------------

[2026-03-04 19:35:28 #1 store] 
Database 'C:\Users\Usuario\eclipse-workspace\Market26\src\main\resources\products.temp' is opened by 32356@DESKTOP-BQ8M13F

[2026-03-04 19:35:28 #2 type.registry] 
New type domain.User

[2026-03-04 19:35:28 #3 type.registry] 
New type domain.Seller

[2026-03-04 19:35:28 #4 type] 
Type domain.User is not enhanced.

[2026-03-04 19:35:28 #5 type] 
Type domain.Seller is not enhanced.

[2026-03-04 19:35:28 #6 type.registry] 
New type domain.Sale

[2026-03-04 19:35:28 #7 type] 
Type domain.Sale is not enhanced.

[2026-03-04 19:35:28 #8 type.registry] 
New type java.util.ArrayList<java.lang.Object>

[2026-03-04 19:35:28 #9 type.registry] 
New type java.util.ArrayList<domain.Sale>

------------------------------------------------------------------------------------------------------------------------

[2026-03-04 19:39:23 #1 store] 
Database 'C:\Users\Usuario\eclipse-workspace\Market26\src\main\resources\products.temp' is opened by 21016@DESKTOP-BQ8M13F

[2026-03-04 19:39:23 #2 type.registry] 
New type domain.User

[2026-03-04 19:39:23 #3 type.registry] 
New type domain.Seller

[2026-03-04 19:39:23 #4 type] 
Type domain.User is not enhanced.

[2026-03-04 19:39:23 #5 type] 
Type domain.Seller is not enhanced.

[2026-03-04 19:39:23 #6 type.registry] 
New type domain.Sale

[2026-03-04 19:39:23 #7 type] 
Type domain.Sale is not enhanced.

[2026-03-04 19:39:23 #8 type.registry] 
New type java.util.ArrayList<java.lang.Object>

[2026-03-04 19:39:23 #9 type.registry] 
New type java.util.ArrayList<domain.Sale>

------------------------------------------------------------------------------------------------------------------------

[2026-03-04 19:44:13 #1 store] 
Database 'C:\Users\Usuario\eclipse-workspace\Market26\src\main\resources\products.temp' is opened by 11964@DESKTOP-BQ8M13F

[2026-03-04 19:44:13 #2 type.registry] 
New type domain.User

[2026-03-04 19:44:13 #3 type.registry] 
New type domain.Seller

[2026-03-04 19:44:13 #4 type] 
Type domain.User is not enhanced.

[2026-03-04 19:44:13 #5 type] 
Type domain.Seller is not enhanced.

[2026-03-04 19:44:13 #6 type.registry] 
New type domain.Sale

[2026-03-04 19:44:13 #7 type] 
Type domain.Sale is not enhanced.

[2026-03-04 19:44:13 #8 type.registry] 
New type java.util.ArrayList<java.lang.Object>

[2026-03-04 19:44:13 #9 type.registry] 
New type java.util.ArrayList<domain.Sale>

------------------------------------------------------------------------------------------------------------------------

[2026-03-04 19:49:25 #1 store] 
Database 'C:\Users\Usuario\eclipse-workspace\Market26\src\main\resources\products.temp' is opened by 18484@DESKTOP-BQ8M13F

[2026-03-04 19:49:25 #2 type.registry] 
New type domain.User

[2026-03-04 19:49:25 #3 type.registry] 
New type domain.Seller

[2026-03-04 19:49:25 #4 type] 
Type domain.User is not enhanced.

[2026-03-04 19:49:25 #5 type] 
Type domain.Seller is not enhanced.

[2026-03-04 19:49:25 #6 type.registry] 
New type domain.Sale

[2026-03-04 19:49:25 #7 type] 
Type domain.Sale is not enhanced.

[2026-03-04 19:49:25 #8 type.registry] 
New type java.util.ArrayList<java.lang.Object>

[2026-03-04 19:49:25 #9 type.registry] 
New type java.util.ArrayList<domain.Sale>

------------------------------------------------------------------------------------------------------------------------

[2026-03-04 19:50:41 #1 store] 
Database 'C:\Users\Usuario\eclipse-workspace\Market26\src\main\resources\products.temp' is opened by 32280@DESKTOP-BQ8M13F

[2026-03-04 19:50:41 #2 type.registry] 
New type domain.User

[2026-03-04 19:50:41 #3 type.registry] 
New type domain.Seller

[2026-03-04 19:50:41 #4 type] 
Type domain.User is not enhanced.

[2026-03-04 19:50:41 #5 type] 
Type domain.Seller is not enhanced.

[2026-03-04 19:50:41 #6 type.registry] 
New type domain.Sale

[2026-03-04 19:50:41 #7 type] 
Type domain.Sale is not enhanced.

[2026-03-04 19:50:41 #8 type.registry] 
New type java.util.ArrayList<java.lang.Object>

[2026-03-04 19:50:41 #9 type.registry] 
New type java.util.ArrayList<domain.Sale>

------------------------------------------------------------------------------------------------------------------------

[2026-03-04 19:53:38 #1 store] 
Database 'C:\Users\Usuario\eclipse-workspace\Market26\src\main\resources\products.temp' is opened by 1076@DESKTOP-BQ8M13F

[2026-03-04 19:53:38 #2 type.registry] 
New type domain.User

[2026-03-04 19:53:38 #3 type.registry] 
New type domain.Seller

[2026-03-04 19:53:38 #4 type] 
Type domain.User is not enhanced.

[2026-03-04 19:53:38 #5 type] 
Type domain.Seller is not enhanced.

[2026-03-04 19:53:38 #6 type.registry] 
New type domain.Sale

[2026-03-04 19:53:38 #7 type] 
Type domain.Sale is not enhanced.

[2026-03-04 19:53:38 #8 type.registry] 
New type java.util.ArrayList<java.lang.Object>

[2026-03-04 19:53:38 #9 type.registry] 
New type java.util.ArrayList<domain.Sale>

------------------------------------------------------------------------------------------------------------------------

[2026-03-04 20:44:52 #1 store] 
Database 'C:\Users\Usuario\eclipse-workspace\Market26\src\main\resources\products.temp' is opened by 12864@DESKTOP-BQ8M13F

[2026-03-04 20:44:53 #2 type.registry] 
New type domain.User

[2026-03-04 20:44:53 #3 type.registry] 
New type domain.Seller

[2026-03-04 20:44:53 #4 type] 
Type domain.User is not enhanced.

[2026-03-04 20:44:53 #5 type] 
Type domain.Seller is not enhanced.

[2026-03-04 20:44:53 #6 type.registry] 
New type domain.Sale

[2026-03-04 20:44:53 #7 type] 
Type domain.Sale is not enhanced.

[2026-03-04 20:44:53 #8 type.registry] 
New type java.util.ArrayList<java.lang.Object>

[2026-03-04 20:44:53 #9 type.registry] 
New type java.util.ArrayList<domain.Sale>

------------------------------------------------------------------------------------------------------------------------

[2026-03-04 21:10:00 #1 store] 
Database 'C:\Users\Usuario\eclipse-workspace\Market26\src\main\resources\products.temp' is opened by 24728@DESKTOP-BQ8M13F

[2026-03-04 21:10:00 #2 type.registry] 
New type domain.User

[2026-03-04 21:10:00 #3 type.registry] 
New type domain.Seller

[2026-03-04 21:10:00 #4 type] 
Type domain.User is not enhanced.

[2026-03-04 21:10:00 #5 type] 
Type domain.Seller is not enhanced.

[2026-03-04 21:10:00 #6 type.registry] 
New type domain.Sale

[2026-03-04 21:10:00 #7 type] 
Type domain.Sale is not enhanced.

[2026-03-04 21:10:00 #8 type.registry] 
New type java.util.ArrayList<java.lang.Object>

[2026-03-04 21:10:00 #9 type.registry] 
New type java.util.ArrayList<domain.Sale>

------------------------------------------------------------------------------------------------------------------------

[2026-03-04 21:10:29 #1 store] 
Database 'C:\Users\Usuario\eclipse-workspace\Market26\src\main\resources\products.temp' is opened by 27804@DESKTOP-BQ8M13F

[2026-03-04 21:10:29 #2 type.registry] 
New type domain.User

[2026-03-04 21:10:29 #3 type.registry] 
New type domain.Seller

[2026-03-04 21:10:29 #4 type] 
Type domain.User is not enhanced.

[2026-03-04 21:10:29 #5 type] 
Type domain.Seller is not enhanced.

[2026-03-04 21:10:29 #6 type.registry] 
New type domain.Sale

[2026-03-04 21:10:29 #7 type] 
Type domain.Sale is not enhanced.

[2026-03-04 21:10:29 #8 type.registry] 
New type java.util.ArrayList<java.lang.Object>

[2026-03-04 21:10:29 #9 type.registry] 
New type java.util.ArrayList<domain.Sale>

------------------------------------------------------------------------------------------------------------------------

[2026-03-04 21:10:56 #1 store] 
Database 'C:\Users\Usuario\eclipse-workspace\Market26\src\main\resources\products.temp' is opened by 32120@DESKTOP-BQ8M13F

[2026-03-04 21:10:56 #2 type.registry] 
New type domain.User

[2026-03-04 21:10:56 #3 type.registry] 
New type domain.Seller

[2026-03-04 21:10:56 #4 type] 
Type domain.User is not enhanced.

[2026-03-04 21:10:56 #5 type] 
Type domain.Seller is not enhanced.

[2026-03-04 21:10:56 #6 type.registry] 
New type domain.Sale

[2026-03-04 21:10:56 #7 type] 
Type domain.Sale is not enhanced.

[2026-03-04 21:10:56 #8 type.registry] 
New type java.util.ArrayList<java.lang.Object>

[2026-03-04 21:10:56 #9 type.registry] 
New type java.util.ArrayList<domain.Sale>

------------------------------------------------------------------------------------------------------------------------

[2026-03-04 21:38:47 #1 store] 
Database 'C:\Users\everl\Documents\Estudios\Uni\2do Curso\2do Cuatrimestre\IS\market26-3\Market26\src\main\resources\products.temp' is opened by 11932@Ever

[2026-03-04 21:38:47 #2 type.registry] 
New type domain.User

[2026-03-04 21:38:47 #3 type.registry] 
New type domain.Seller

[2026-03-04 21:38:47 #4 type] 
Type domain.User is not enhanced.

[2026-03-04 21:38:47 #5 type] 
Type domain.Seller is not enhanced.

[2026-03-04 21:38:47 #6 type.registry] 
New type domain.Sale

[2026-03-04 21:38:47 #7 type] 
Type domain.Sale is not enhanced.

[2026-03-04 21:38:47 #8 type.registry] 
New type java.util.ArrayList<java.lang.Object>

[2026-03-04 21:38:47 #9 type.registry] 
New type java.util.ArrayList<domain.Sale>

------------------------------------------------------------------------------------------------------------------------

[2026-03-04 22:02:03 #1 store] 
Database 'C:\Users\everl\Documents\Estudios\Uni\2do Curso\2do Cuatrimestre\IS\market26-3\Market26\src\main\resources\products.temp' is opened by 26432@Ever

[2026-03-04 22:02:03 #2 type.registry] 
New type domain.User

[2026-03-04 22:02:03 #3 type.registry] 
New type domain.Seller

[2026-03-04 22:02:03 #4 type] 
Type domain.User is not enhanced.

[2026-03-04 22:02:03 #5 type] 
Type domain.Seller is not enhanced.

[2026-03-04 22:02:03 #6 type.registry] 
New type domain.Sale

[2026-03-04 22:02:03 #7 type] 
Type domain.Sale is not enhanced.

[2026-03-04 22:02:03 #8 type.registry] 
New type java.util.ArrayList<java.lang.Object>

[2026-03-04 22:02:03 #9 type.registry] 
New type java.util.ArrayList<domain.Sale>

------------------------------------------------------------------------------------------------------------------------

[2026-03-04 22:04:07 #1 store] 
Database 'C:\Users\everl\Documents\Estudios\Uni\2do Curso\2do Cuatrimestre\IS\market26-3\Market26\src\main\resources\products.temp' is opened by 27484@Ever

[2026-03-04 22:04:07 #2 type.registry] 
New type domain.User

[2026-03-04 22:04:07 #3 type.registry] 
New type domain.Seller

[2026-03-04 22:04:07 #4 type] 
Type domain.User is not enhanced.

[2026-03-04 22:04:07 #5 type] 
Type domain.Seller is not enhanced.

[2026-03-04 22:04:07 #6 type.registry] 
New type domain.Sale

[2026-03-04 22:04:07 #7 type] 
Type domain.Sale is not enhanced.

[2026-03-04 22:04:07 #8 type.registry] 
New type java.util.ArrayList<java.lang.Object>

[2026-03-04 22:04:07 #9 type.registry] 
New type java.util.ArrayList<domain.Sale>

------------------------------------------------------------------------------------------------------------------------

[2026-03-04 22:15:48 #1 store] 
Database 'C:\Users\everl\Documents\Estudios\Uni\2do Curso\2do Cuatrimestre\IS\market26-3\Market26\src\main\resources\products.temp' is opened by 8736@Ever

[2026-03-04 22:15:48 #2 type.registry] 
New type domain.User

[2026-03-04 22:15:48 #3 type.registry] 
New type domain.Seller

[2026-03-04 22:15:48 #4 type] 
Type domain.User is not enhanced.

[2026-03-04 22:15:48 #5 type] 
Type domain.Seller is not enhanced.

[2026-03-04 22:15:48 #6 type.registry] 
New type domain.Sale

[2026-03-04 22:15:48 #7 type] 
Type domain.Sale is not enhanced.

[2026-03-04 22:15:48 #8 type.registry] 
New type java.util.ArrayList<java.lang.Object>

[2026-03-04 22:15:48 #9 type.registry] 
New type java.util.ArrayList<domain.Sale>

------------------------------------------------------------------------------------------------------------------------

[2026-03-04 22:27:26 #1 store] 
Database 'C:\Users\everl\Documents\Estudios\Uni\2do Curso\2do Cuatrimestre\IS\market26-3\Market26\src\main\resources\products.temp' is opened by 27164@Ever

------------------------------------------------------------------------------------------------------------------------

[2026-03-04 22:29:42 #1 store] 
Database 'C:\Users\everl\Documents\Estudios\Uni\2do Curso\2do Cuatrimestre\IS\market26-3\Market26\src\main\resources\products.temp' is opened by 11504@Ever

[2026-03-04 22:29:43 #2 type.registry] 
New type domain.User

[2026-03-04 22:29:43 #3 type.registry] 
New type domain.Seller

[2026-03-04 22:29:43 #4 type] 
Type domain.User is not enhanced.

[2026-03-04 22:29:43 #5 type] 
Type domain.Seller is not enhanced.

[2026-03-04 22:29:43 #6 type.registry] 
New type domain.Sale

[2026-03-04 22:29:43 #7 type] 
Type domain.Sale is not enhanced.

[2026-03-04 22:29:43 #8 type.registry] 
New type java.util.ArrayList<java.lang.Object>

[2026-03-04 22:29:43 #9 type.registry] 
New type java.util.ArrayList<domain.Sale>

------------------------------------------------------------------------------------------------------------------------

[2026-03-04 22:35:34 #1 store] 
Database 'C:\Users\everl\Documents\Estudios\Uni\2do Curso\2do Cuatrimestre\IS\market26-3\Market26\src\main\resources\products.temp' is opened by 17008@Ever

[2026-03-04 22:35:34 #2 type.registry] 
New type domain.User

[2026-03-04 22:35:34 #3 type.registry] 
New type domain.Seller

[2026-03-04 22:35:34 #4 type] 
Type domain.User is not enhanced.

[2026-03-04 22:35:34 #5 type] 
Type domain.Seller is not enhanced.

[2026-03-04 22:35:34 #6 type.registry] 
New type domain.Sale

[2026-03-04 22:35:34 #7 type] 
Type domain.Sale is not enhanced.

[2026-03-04 22:35:34 #8 type.registry] 
New type java.util.ArrayList<java.lang.Object>

[2026-03-04 22:35:34 #9 type.registry] 
New type java.util.ArrayList<domain.Sale>

------------------------------------------------------------------------------------------------------------------------

[2026-03-04 22:39:19 #1 store] 
Database 'C:\Users\everl\Documents\Estudios\Uni\2do Curso\2do Cuatrimestre\IS\market26-3\Market26\src\main\resources\products.temp' is opened by 4540@Ever

------------------------------------------------------------------------------------------------------------------------

[2026-03-04 22:39:29 #1 store] 
Database 'C:\Users\everl\Documents\Estudios\Uni\2do Curso\2do Cuatrimestre\IS\market26-3\Market26\src\main\resources\products.temp' is opened by 27100@Ever

[2026-03-04 22:40:08 #2 type.registry] 
New type domain.User

[2026-03-04 22:40:08 #3 type] 
Type domain.User is not enhanced.

------------------------------------------------------------------------------------------------------------------------

[2026-03-04 22:44:34 #1 store] 
Database 'C:\Users\everl\Documents\Estudios\Uni\2do Curso\2do Cuatrimestre\IS\market26-3\Market26\src\main\resources\products.temp' is opened by 13264@Ever

------------------------------------------------------------------------------------------------------------------------

[2026-03-04 23:00:58 #1 store] 
Database 'C:\Users\everl\Documents\Estudios\Uni\2do Curso\2do Cuatrimestre\IS\market26-3\Market26\src\main\resources\products.temp' is opened by 7128@Ever

[2026-03-04 23:00:58 #2 type.registry] 
New type domain.User

[2026-03-04 23:00:58 #3 type.registry] 
New type domain.Seller

[2026-03-04 23:00:58 #4 type] 
Type domain.User is not enhanced.

[2026-03-04 23:00:58 #5 type] 
Type domain.Seller is not enhanced.

[2026-03-04 23:00:58 #6 type.registry] 
New type domain.Sale

[2026-03-04 23:00:58 #7 type] 
Type domain.Sale is not enhanced.

[2026-03-04 23:00:58 #8 type.registry] 
New type java.util.ArrayList<java.lang.Object>

[2026-03-04 23:00:58 #9 type.registry] 
New type java.util.ArrayList<domain.Sale>

------------------------------------------------------------------------------------------------------------------------

[2026-03-04 23:01:44 #1 store] 
Database 'C:\Users\everl\Documents\Estudios\Uni\2do Curso\2do Cuatrimestre\IS\market26-3\Market26\src\main\resources\products.temp' is opened by 9384@Ever

[2026-03-04 23:01:45 #2 type.registry] 
New type domain.User

[2026-03-04 23:01:45 #3 type.registry] 
New type domain.Seller

[2026-03-04 23:01:45 #4 type] 
Type domain.User is not enhanced.

[2026-03-04 23:01:45 #5 type] 
Type domain.Seller is not enhanced.

[2026-03-04 23:01:45 #6 type.registry] 
New type domain.Sale

[2026-03-04 23:01:45 #7 type] 
Type domain.Sale is not enhanced.

[2026-03-04 23:01:45 #8 type.registry] 
New type java.util.ArrayList<java.lang.Object>

[2026-03-04 23:01:45 #9 type.registry] 
New type java.util.ArrayList<domain.Sale>

------------------------------------------------------------------------------------------------------------------------

[2026-03-04 23:02:26 #1 store] 
Database 'C:\Users\everl\Documents\Estudios\Uni\2do Curso\2do Cuatrimestre\IS\market26-3\Market26\src\main\resources\products.temp' is opened by 27288@Ever

[2026-03-04 23:02:26 #2 type.registry] 
New type domain.User

[2026-03-04 23:02:26 #3 type.registry] 
New type domain.Seller

[2026-03-04 23:02:26 #4 type] 
Type domain.User is not enhanced.

[2026-03-04 23:02:26 #5 type] 
Type domain.Seller is not enhanced.

[2026-03-04 23:02:26 #6 type.registry] 
New type domain.Sale

[2026-03-04 23:02:26 #7 type] 
Type domain.Sale is not enhanced.

[2026-03-04 23:02:26 #8 type.registry] 
New type java.util.ArrayList<java.lang.Object>

[2026-03-04 23:02:26 #9 type.registry] 
New type java.util.ArrayList<domain.Sale>

------------------------------------------------------------------------------------------------------------------------

[2026-03-04 23:04:13 #1 store] 
Database 'C:\Users\everl\Documents\Estudios\Uni\2do Curso\2do Cuatrimestre\IS\market26-3\Market26\src\main\resources\products.temp' is opened by 8744@Ever

[2026-03-04 23:04:13 #2 type.registry] 
New type domain.User

[2026-03-04 23:04:13 #3 type.registry] 
New type domain.Seller

[2026-03-04 23:04:13 #4 type] 
Type domain.User is not enhanced.

[2026-03-04 23:04:13 #5 type] 
Type domain.Seller is not enhanced.

[2026-03-04 23:04:13 #6 type.registry] 
New type domain.Sale

[2026-03-04 23:04:13 #7 type] 
Type domain.Sale is not enhanced.

[2026-03-04 23:04:13 #8 type.registry] 
New type java.util.ArrayList<java.lang.Object>

[2026-03-04 23:04:13 #9 type.registry] 
New type java.util.ArrayList<domain.Sale>

------------------------------------------------------------------------------------------------------------------------

[2026-03-04 23:06:58 #1 store] 
Database 'C:\Users\everl\Documents\Estudios\Uni\2do Curso\2do Cuatrimestre\IS\market26-3\Market26\src\main\resources\products.temp' is opened by 8464@Ever

[2026-03-04 23:06:58 #2 type] 
Type domain.User is not enhanced.

[2026-03-04 23:06:58 #3 type] 
Type domain.Seller is not enhanced.

[2026-03-04 23:06:58 #4 type] 
Type domain.Sale is not enhanced.

------------------------------------------------------------------------------------------------------------------------

[2026-03-04 23:07:34 #1 store] 
Database 'C:\Users\everl\Documents\Estudios\Uni\2do Curso\2do Cuatrimestre\IS\market26-3\Market26\src\main\resources\products.temp' has been recovered (tr. 7-7)

[2026-03-04 23:07:35 #2 store] 
Database 'C:\Users\everl\Documents\Estudios\Uni\2do Curso\2do Cuatrimestre\IS\market26-3\Market26\src\main\resources\products.temp' is opened by 29544@Ever

[2026-03-04 23:07:35 #3 type] 
Type domain.User is not enhanced.

[2026-03-04 23:07:35 #4 type] 
Type domain.Seller is not enhanced.

[2026-03-04 23:07:35 #5 type] 
Type domain.Sale is not enhanced.

------------------------------------------------------------------------------------------------------------------------

[2026-03-04 23:17:29 #1 store] 
Database 'C:\Users\everl\Documents\Estudios\Uni\2do Curso\2do Cuatrimestre\IS\market26-3\Market26\src\main\resources\products.temp' is opened by 16660@Ever

[2026-03-04 23:17:29 #2 type] 
Type domain.User is not enhanced.

[2026-03-04 23:17:29 #3 type] 
Type domain.Seller is not enhanced.

[2026-03-04 23:17:29 #4 type] 
Type domain.Sale is not enhanced.

------------------------------------------------------------------------------------------------------------------------

[2026-03-04 23:25:05 #1 store] 
Database 'C:\Users\everl\Documents\Estudios\Uni\2do Curso\2do Cuatrimestre\IS\market26-3\Market26\src\main\resources\products.temp' is opened by 6372@Ever

[2026-03-04 23:25:05 #2 type] 
Type domain.User is not enhanced.

[2026-03-04 23:25:05 #3 type] 
Type domain.Seller is not enhanced.

[2026-03-04 23:25:05 #4 type] 
Type domain.Sale is not enhanced.

------------------------------------------------------------------------------------------------------------------------

[2026-03-04 23:27:12 #1 store] 
Database 'C:\Users\everl\Documents\Estudios\Uni\2do Curso\2do Cuatrimestre\IS\market26-3\Market26\src\main\resources\products.temp' is opened by 7932@Ever

[2026-03-04 23:27:12 #2 type] 
Type domain.User is not enhanced.

[2026-03-04 23:27:12 #3 type] 
Type domain.Seller is not enhanced.

[2026-03-04 23:27:12 #4 type] 
Type domain.Sale is not enhanced.

------------------------------------------------------------------------------------------------------------------------

[2026-03-04 23:28:30 #1 store] 
Database 'C:\Users\everl\Documents\Estudios\Uni\2do Curso\2do Cuatrimestre\IS\market26-3\Market26\src\main\resources\products.temp' is opened by 8132@Ever

[2026-03-04 23:28:30 #2 type] 
Type domain.User is not enhanced.

[2026-03-04 23:28:30 #3 type] 
Type domain.Seller is not enhanced.

[2026-03-04 23:28:30 #4 type] 
Type domain.Sale is not enhanced.

------------------------------------------------------------------------------------------------------------------------

[2026-03-04 23:29:18 #1 store] 
Database 'C:\Users\everl\Documents\Estudios\Uni\2do Curso\2do Cuatrimestre\IS\market26-3\Market26\src\main\resources\products.temp' is opened by 7912@Ever

[2026-03-04 23:29:18 #2 type] 
Type domain.User is not enhanced.

[2026-03-04 23:29:18 #3 type] 
Type domain.Seller is not enhanced.

[2026-03-04 23:29:18 #4 type] 
Type domain.Sale is not enhanced.

------------------------------------------------------------------------------------------------------------------------

[2026-03-04 23:30:14 #1 store] 
Database 'C:\Users\everl\Documents\Estudios\Uni\2do Curso\2do Cuatrimestre\IS\market26-3\Market26\src\main\resources\products.temp' is opened by 7636@Ever

[2026-03-04 23:30:14 #2 type] 
Type domain.User is not enhanced.

[2026-03-04 23:30:14 #3 type] 
Type domain.Seller is not enhanced.

[2026-03-04 23:30:14 #4 type] 
Type domain.Sale is not enhanced.

------------------------------------------------------------------------------------------------------------------------

[2026-03-04 23:34:11 #1 store] 
Database 'C:\Users\everl\Documents\Estudios\Uni\2do Curso\2do Cuatrimestre\IS\market26-3\Market26\src\main\resources\products.temp' is opened by 4152@Ever

[2026-03-04 23:34:12 #2 type] 
Type domain.User is not enhanced.

[2026-03-04 23:34:12 #3 type] 
Type domain.Seller is not enhanced.

[2026-03-04 23:34:12 #4 type] 
Type domain.Sale is not enhanced.

------------------------------------------------------------------------------------------------------------------------

[2026-03-04 23:38:28 #1 store] 
Database 'C:\Users\everl\Documents\Estudios\Uni\2do Curso\2do Cuatrimestre\IS\market26-3\Market26\src\main\resources\products.temp' is opened by 15936@Ever

[2026-03-04 23:38:28 #2 type] 
Type domain.User is not enhanced.

[2026-03-04 23:38:28 #3 type] 
Type domain.Seller is not enhanced.

[2026-03-04 23:38:28 #4 type] 
Type domain.Sale is not enhanced.

------------------------------------------------------------------------------------------------------------------------

[2026-03-04 23:43:26 #1 store] 
Database 'C:\Users\everl\Documents\Estudios\Uni\2do Curso\2do Cuatrimestre\IS\market26-3\Market26\src\main\resources\products.temp' is opened by 29664@Ever

[2026-03-04 23:43:26 #2 type] 
Type domain.User is not enhanced.

[2026-03-04 23:43:26 #3 type] 
Type domain.Seller is not enhanced.

[2026-03-04 23:43:26 #4 type] 
Type domain.Sale is not enhanced.

