------------------------------------------------------------------------------------------------------------------------

[2026-04-09 18:59:19 #1 store] 
Database 'C:\Users\Iker Lerga\eclipse-workspace prueba\Market26\src\main\resources\products.temp' is opened by 33368@DESKTOP-DFS19DM

[2026-04-09 18:59:19 #2 type.registry] 
New type domain.User

[2026-04-09 18:59:19 #3 type.registry] 
New type domain.Seller

[2026-04-09 18:59:19 #4 type] 
Type domain.User is not enhanced.

[2026-04-09 18:59:19 #5 type] 
Type domain.Seller is not enhanced.

[2026-04-09 18:59:19 #6 type.registry] 
New type domain.Offer

[2026-04-09 18:59:19 #7 type.registry] 
New type domain.Sale

[2026-04-09 18:59:19 #8 type] 
Type domain.Offer is not enhanced.

[2026-04-09 18:59:19 #9 type] 
Type domain.Sale is not enhanced.

[2026-04-09 18:59:19 #10 type.registry] 
New type java.util.ArrayList<java.lang.Object>

[2026-04-09 18:59:19 #11 type.registry] 
New type java.util.ArrayList<domain.Sale>

[2026-04-09 18:59:19 #12 type.registry] 
New type java.util.ArrayList<domain.Offer>

