------------------------------------------------------------------------------------------------------------------------

[2026-03-05 00:10:45 #1 store] 
Database 'C:\Users\everl\Documents\Estudios\Uni\2do Curso\2do Cuatrimestre\IS\market26-3\Market26\src\main\resources\products.temp' is opened by 3392@Ever

[2026-03-05 00:10:45 #2 type] 
Type domain.User is not enhanced.

[2026-03-05 00:10:45 #3 type] 
Type domain.Seller is not enhanced.

[2026-03-05 00:10:45 #4 type] 
Type domain.Sale is not enhanced.

------------------------------------------------------------------------------------------------------------------------

[2026-03-05 00:14:07 #1 store] 
Database 'C:\Users\everl\Documents\Estudios\Uni\2do Curso\2do Cuatrimestre\IS\market26-3\Market26\src\main\resources\products.temp' is opened by 3780@Ever

[2026-03-05 00:14:07 #2 type] 
Type domain.User is not enhanced.

[2026-03-05 00:14:07 #3 type] 
Type domain.Seller is not enhanced.

[2026-03-05 00:14:07 #4 type] 
Type domain.Sale is not enhanced.

------------------------------------------------------------------------------------------------------------------------

[2026-03-05 00:28:43 #1 store] 
Database 'C:\Users\everl\Documents\Estudios\Uni\2do Curso\2do Cuatrimestre\IS\market26-3\Market26\src\main\resources\products.temp' is opened by 5548@Ever

[2026-03-05 00:28:43 #2 type] 
Type domain.User is not enhanced.

[2026-03-05 00:28:43 #3 type] 
Type domain.Seller is not enhanced.

[2026-03-05 00:28:43 #4 type] 
Type domain.Sale is not enhanced.

------------------------------------------------------------------------------------------------------------------------

[2026-03-05 00:30:56 #1 store] 
Database 'C:\Users\everl\Documents\Estudios\Uni\2do Curso\2do Cuatrimestre\IS\market26-3\Market26\src\main\resources\products.temp' is opened by 14704@Ever

[2026-03-05 00:30:56 #2 type] 
Type domain.User is not enhanced.

[2026-03-05 00:30:56 #3 type] 
Type domain.Seller is not enhanced.

[2026-03-05 00:30:56 #4 type] 
Type domain.Sale is not enhanced.

------------------------------------------------------------------------------------------------------------------------

[2026-03-05 00:36:08 #1 store] 
Database 'C:\Users\everl\Documents\Estudios\Uni\2do Curso\2do Cuatrimestre\IS\market26-3\Market26\src\main\resources\products.temp' is opened by 21276@Ever

[2026-03-05 00:36:08 #2 type] 
Type domain.User is not enhanced.

[2026-03-05 00:36:08 #3 type] 
Type domain.Seller is not enhanced.

[2026-03-05 00:36:08 #4 type] 
Type domain.Sale is not enhanced.

------------------------------------------------------------------------------------------------------------------------

[2026-03-05 00:36:29 #1 store] 
Database 'C:\Users\everl\Documents\Estudios\Uni\2do Curso\2do Cuatrimestre\IS\market26-3\Market26\src\main\resources\products.temp' is opened by 2976@Ever

[2026-03-05 00:36:29 #2 type] 
Type domain.User is not enhanced.

[2026-03-05 00:36:29 #3 type] 
Type domain.Seller is not enhanced.

[2026-03-05 00:36:29 #4 type] 
Type domain.Sale is not enhanced.

------------------------------------------------------------------------------------------------------------------------

[2026-03-05 00:38:26 #1 store] 
Database 'C:\Users\everl\Documents\Estudios\Uni\2do Curso\2do Cuatrimestre\IS\market26-3\Market26\src\main\resources\products.temp' is opened by 22060@Ever

[2026-03-05 00:38:26 #2 type] 
Type domain.User is not enhanced.

[2026-03-05 00:38:26 #3 type] 
Type domain.Seller is not enhanced.

[2026-03-05 00:38:26 #4 type] 
Type domain.Sale is not enhanced.

------------------------------------------------------------------------------------------------------------------------

[2026-03-05 00:40:19 #1 store] 
Database 'C:\Users\everl\Documents\Estudios\Uni\2do Curso\2do Cuatrimestre\IS\market26-3\Market26\src\main\resources\products.temp' has been recovered (tr. 14-15)

[2026-03-05 00:40:19 #2 store] 
Database 'C:\Users\everl\Documents\Estudios\Uni\2do Curso\2do Cuatrimestre\IS\market26-3\Market26\src\main\resources\products.temp' is opened by 27096@Ever

[2026-03-05 00:40:19 #3 type] 
Type domain.User is not enhanced.

[2026-03-05 00:40:19 #4 type] 
Type domain.Seller is not enhanced.

[2026-03-05 00:40:19 #5 type] 
Type domain.Sale is not enhanced.

------------------------------------------------------------------------------------------------------------------------

[2026-03-05 01:08:10 #1 store] 
Database 'C:\Users\everl\Documents\Estudios\Uni\2do Curso\2do Cuatrimestre\IS\market26-3\Market26\src\main\resources\products.temp' is opened by 21492@Ever

[2026-03-05 01:08:10 #2 type] 
Type domain.User is not enhanced.

[2026-03-05 01:08:10 #3 type] 
Type domain.Seller is not enhanced.

[2026-03-05 01:08:10 #4 type] 
Type domain.Sale is not enhanced.

------------------------------------------------------------------------------------------------------------------------

[2026-03-05 01:11:02 #1 store] 
Database 'C:\Users\everl\Documents\Estudios\Uni\2do Curso\2do Cuatrimestre\IS\market26-3\Market26\src\main\resources\products.temp' is opened by 2384@Ever

[2026-03-05 01:11:02 #2 type] 
Type domain.User is not enhanced.

[2026-03-05 01:11:02 #3 type] 
Type domain.Seller is not enhanced.

[2026-03-05 01:11:02 #4 type] 
Type domain.Sale is not enhanced.

------------------------------------------------------------------------------------------------------------------------

[2026-03-05 01:11:56 #1 store] 
Database 'C:\Users\everl\Documents\Estudios\Uni\2do Curso\2do Cuatrimestre\IS\market26-3\Market26\src\main\resources\products.temp' is opened by 8948@Ever

[2026-03-05 01:11:56 #2 type] 
Type domain.User is not enhanced.

[2026-03-05 01:11:56 #3 type] 
Type domain.Seller is not enhanced.

[2026-03-05 01:11:56 #4 type] 
Type domain.Sale is not enhanced.

------------------------------------------------------------------------------------------------------------------------

[2026-03-05 01:12:41 #1 store] 
Database 'C:\Users\everl\Documents\Estudios\Uni\2do Curso\2do Cuatrimestre\IS\market26-3\Market26\src\main\resources\products.temp' is opened by 28504@Ever

[2026-03-05 01:12:41 #2 type] 
Type domain.User is not enhanced.

[2026-03-05 01:12:41 #3 type] 
Type domain.Seller is not enhanced.

[2026-03-05 01:12:41 #4 type] 
Type domain.Sale is not enhanced.

------------------------------------------------------------------------------------------------------------------------

[2026-03-05 01:14:27 #1 store] 
Database 'C:\Users\everl\Documents\Estudios\Uni\2do Curso\2do Cuatrimestre\IS\market26-3\Market26\src\main\resources\products.temp' is opened by 13404@Ever

[2026-03-05 01:14:27 #2 type] 
Type domain.User is not enhanced.

[2026-03-05 01:14:27 #3 type] 
Type domain.Seller is not enhanced.

[2026-03-05 01:14:27 #4 type] 
Type domain.Sale is not enhanced.

------------------------------------------------------------------------------------------------------------------------

[2026-03-05 01:54:26 #1 store] 
Database 'C:\Users\everl\Documents\Estudios\Uni\2do Curso\2do Cuatrimestre\IS\market26-3\Market26\src\main\resources\products.temp' is opened by 27992@Ever

[2026-03-05 01:54:26 #2 type] 
Type domain.User is not enhanced.

[2026-03-05 01:54:26 #3 type] 
Type domain.Seller is not enhanced.

[2026-03-05 01:54:26 #4 type] 
Type domain.Sale is not enhanced.

------------------------------------------------------------------------------------------------------------------------

[2026-03-05 01:56:18 #1 store] 
Database 'C:\Users\everl\Documents\Estudios\Uni\2do Curso\2do Cuatrimestre\IS\market26-3\Market26\src\main\resources\products.temp' is opened by 3016@Ever

[2026-03-05 01:56:18 #2 type] 
Type domain.User is not enhanced.

[2026-03-05 01:56:18 #3 type] 
Type domain.Seller is not enhanced.

[2026-03-05 01:56:18 #4 type] 
Type domain.Sale is not enhanced.

------------------------------------------------------------------------------------------------------------------------

[2026-03-05 02:05:21 #1 store] 
Database 'C:\Users\everl\Documents\Estudios\Uni\2do Curso\2do Cuatrimestre\IS\market26-3\Market26\src\main\resources\products.temp' is opened by 3452@Ever

[2026-03-05 02:05:21 #2 type] 
Type domain.User is not enhanced.

[2026-03-05 02:05:21 #3 type] 
Type domain.Seller is not enhanced.

[2026-03-05 02:05:21 #4 type] 
Type domain.Sale is not enhanced.

------------------------------------------------------------------------------------------------------------------------

[2026-03-05 02:10:37 #1 store] 
Database 'C:\Users\everl\Documents\Estudios\Uni\2do Curso\2do Cuatrimestre\IS\market26-3\Market26\src\main\resources\products.temp' is opened by 11328@Ever

[2026-03-05 02:10:37 #2 type] 
Type domain.User is not enhanced.

[2026-03-05 02:10:37 #3 type] 
Type domain.Seller is not enhanced.

[2026-03-05 02:10:37 #4 type] 
Type domain.Sale is not enhanced.

------------------------------------------------------------------------------------------------------------------------

[2026-03-05 02:11:13 #1 store] 
Database 'C:\Users\everl\Documents\Estudios\Uni\2do Curso\2do Cuatrimestre\IS\market26-3\Market26\src\main\resources\products.temp' is opened by 18684@Ever

[2026-03-05 02:11:13 #2 type] 
Type domain.User is not enhanced.

[2026-03-05 02:11:13 #3 type] 
Type domain.Seller is not enhanced.

[2026-03-05 02:11:13 #4 type] 
Type domain.Sale is not enhanced.

------------------------------------------------------------------------------------------------------------------------

[2026-03-05 02:13:04 #1 store] 
Database 'C:\Users\everl\Documents\Estudios\Uni\2do Curso\2do Cuatrimestre\IS\market26-3\Market26\src\main\resources\products.temp' has been recovered (tr. 16-16)

[2026-03-05 02:13:04 #2 store] 
Database 'C:\Users\everl\Documents\Estudios\Uni\2do Curso\2do Cuatrimestre\IS\market26-3\Market26\src\main\resources\products.temp' is opened by 28500@Ever

[2026-03-05 02:13:04 #3 type] 
Type domain.User is not enhanced.

[2026-03-05 02:13:04 #4 type] 
Type domain.Seller is not enhanced.

[2026-03-05 02:13:04 #5 type] 
Type domain.Sale is not enhanced.

------------------------------------------------------------------------------------------------------------------------

[2026-03-05 02:29:28 #1 store] 
Database 'C:\Users\everl\Documents\Estudios\Uni\2do Curso\2do Cuatrimestre\IS\market26-3\Market26\src\main\resources\products.temp' is opened by 15556@Ever

[2026-03-05 02:29:28 #2 type] 
Type domain.User is not enhanced.

[2026-03-05 02:29:28 #3 type] 
Type domain.Seller is not enhanced.

[2026-03-05 02:29:28 #4 type] 
Type domain.Sale is not enhanced.

------------------------------------------------------------------------------------------------------------------------

[2026-03-05 02:41:51 #1 store] 
Database 'C:\Users\everl\Documents\Estudios\Uni\2do Curso\2do Cuatrimestre\IS\market26-3\Market26\src\main\resources\products.temp' is opened by 30176@Ever

[2026-03-05 02:41:51 #2 type.registry] 
New type domain.User

[2026-03-05 02:41:51 #3 type.registry] 
New type domain.Seller

[2026-03-05 02:41:51 #4 type] 
Type domain.User is not enhanced.

[2026-03-05 02:41:51 #5 type] 
Type domain.Seller is not enhanced.

[2026-03-05 02:41:51 #6 type.registry] 
New type domain.Offer

[2026-03-05 02:41:51 #7 type.registry] 
New type domain.Sale

[2026-03-05 02:41:51 #8 type] 
Type domain.Offer is not enhanced.

[2026-03-05 02:41:51 #9 type] 
Type domain.Sale is not enhanced.

[2026-03-05 02:41:51 #10 type.registry] 
New type java.util.ArrayList<java.lang.Object>

[2026-03-05 02:41:51 #11 type.registry] 
New type java.util.ArrayList<domain.Sale>

[2026-03-05 02:41:51 #12 type.registry] 
New type java.util.ArrayList<domain.Offer>

------------------------------------------------------------------------------------------------------------------------

[2026-03-05 03:04:42 #1 store] 
Database 'C:\Users\everl\Documents\Estudios\Uni\2do Curso\2do Cuatrimestre\IS\market26-3\Market26\src\main\resources\products.temp' is opened by 30560@Ever

[2026-03-05 03:04:42 #2 type] 
Type domain.User is not enhanced.

[2026-03-05 03:04:42 #3 type] 
Type domain.Seller is not enhanced.

[2026-03-05 03:04:42 #4 type] 
Type domain.Offer is not enhanced.

[2026-03-05 03:04:42 #5 type] 
Type domain.Sale is not enhanced.

------------------------------------------------------------------------------------------------------------------------

[2026-03-05 03:09:51 #1 store] 
Database 'C:\Users\everl\Documents\Estudios\Uni\2do Curso\2do Cuatrimestre\IS\market26-3\Market26\src\main\resources\products.temp' is opened by 27552@Ever

[2026-03-05 03:09:51 #2 type] 
Type domain.User is not enhanced.

[2026-03-05 03:09:51 #3 type] 
Type domain.Seller is not enhanced.

[2026-03-05 03:09:51 #4 type] 
Type domain.Offer is not enhanced.

[2026-03-05 03:09:51 #5 type] 
Type domain.Sale is not enhanced.

------------------------------------------------------------------------------------------------------------------------

[2026-03-05 03:12:40 #1 store] 
Database 'C:\Users\everl\Documents\Estudios\Uni\2do Curso\2do Cuatrimestre\IS\market26-3\Market26\src\main\resources\products.temp' is opened by 29372@Ever

[2026-03-05 03:12:40 #2 type] 
Type domain.User is not enhanced.

[2026-03-05 03:12:40 #3 type] 
Type domain.Seller is not enhanced.

[2026-03-05 03:12:40 #4 type] 
Type domain.Offer is not enhanced.

[2026-03-05 03:12:41 #5 type] 
Type domain.Sale is not enhanced.

------------------------------------------------------------------------------------------------------------------------

[2026-03-05 03:18:42 #1 store] 
Database 'C:\Users\everl\Documents\Estudios\Uni\2do Curso\2do Cuatrimestre\IS\market26-3\Market26\src\main\resources\products.temp' is opened by 7496@Ever

[2026-03-05 03:18:42 #2 type] 
Type domain.User is not enhanced.

[2026-03-05 03:18:42 #3 type] 
Type domain.Seller is not enhanced.

[2026-03-05 03:18:42 #4 type] 
Type domain.Offer is not enhanced.

[2026-03-05 03:18:42 #5 type] 
Type domain.Sale is not enhanced.

