------------------------------------------------------------------------------------------------------------------------

[2026-04-11 15:08:38 #1 store] 
Database 'C:\Users\Iker Lerga\eclipse-workspace prueba\Market26\src\main\resources\products.temp' is opened by 34448@DESKTOP-DFS19DM

[2026-04-11 15:08:38 #2 type.registry] 
New type domain.User

[2026-04-11 15:08:38 #3 type.registry] 
New type domain.Seller

[2026-04-11 15:08:38 #4 type] 
Type domain.User is not enhanced.

[2026-04-11 15:08:38 #5 type] 
Type domain.Seller is not enhanced.

[2026-04-11 15:08:38 #6 type.registry] 
New type domain.Offer

[2026-04-11 15:08:38 #7 type.registry] 
New type domain.Sale

[2026-04-11 15:08:38 #8 type] 
Type domain.Offer is not enhanced.

[2026-04-11 15:08:38 #9 type.registry] 
New type java.util.ArrayList<domain.User>

[2026-04-11 15:08:38 #10 type] 
Type domain.Sale is not enhanced.

[2026-04-11 15:08:38 #11 type.registry] 
New type java.util.ArrayList<java.lang.Object>

[2026-04-11 15:08:38 #12 type.registry] 
New type java.util.ArrayList<domain.Sale>

[2026-04-11 15:08:38 #13 type.registry] 
New type java.util.ArrayList<domain.Offer>

------------------------------------------------------------------------------------------------------------------------

[2026-04-11 15:09:51 #1 store] 
Database 'C:\Users\Iker Lerga\eclipse-workspace prueba\Market26\src\main\resources\products.temp' is opened by 32160@DESKTOP-DFS19DM

[2026-04-11 15:09:51 #2 type.registry] 
New type domain.User

[2026-04-11 15:09:51 #3 type.registry] 
New type domain.Seller

[2026-04-11 15:09:51 #4 type] 
Type domain.User is not enhanced.

[2026-04-11 15:09:51 #5 type] 
Type domain.Seller is not enhanced.

[2026-04-11 15:09:51 #6 type.registry] 
New type domain.Offer

[2026-04-11 15:09:51 #7 type.registry] 
New type domain.Sale

[2026-04-11 15:09:51 #8 type] 
Type domain.Offer is not enhanced.

[2026-04-11 15:09:51 #9 type.registry] 
New type java.util.ArrayList<domain.User>

[2026-04-11 15:09:51 #10 type] 
Type domain.Sale is not enhanced.

[2026-04-11 15:09:51 #11 type.registry] 
New type java.util.ArrayList<java.lang.Object>

[2026-04-11 15:09:51 #12 type.registry] 
New type java.util.ArrayList<domain.Sale>

[2026-04-11 15:09:51 #13 type.registry] 
New type java.util.ArrayList<domain.Offer>

------------------------------------------------------------------------------------------------------------------------

[2026-04-11 15:10:38 #1 store] 
Database 'C:\Users\Iker Lerga\eclipse-workspace prueba\Market26\src\main\resources\products.temp' is opened by 19720@DESKTOP-DFS19DM

[2026-04-11 15:10:39 #2 type.registry] 
New type domain.User

[2026-04-11 15:10:39 #3 type.registry] 
New type domain.Seller

[2026-04-11 15:10:39 #4 type] 
Type domain.User is not enhanced.

[2026-04-11 15:10:39 #5 type] 
Type domain.Seller is not enhanced.

[2026-04-11 15:10:39 #6 type.registry] 
New type domain.Offer

[2026-04-11 15:10:39 #7 type.registry] 
New type domain.Sale

[2026-04-11 15:10:39 #8 type] 
Type domain.Offer is not enhanced.

[2026-04-11 15:10:39 #9 type.registry] 
New type java.util.ArrayList<domain.User>

[2026-04-11 15:10:39 #10 type] 
Type domain.Sale is not enhanced.

[2026-04-11 15:10:39 #11 type.registry] 
New type java.util.ArrayList<java.lang.Object>

[2026-04-11 15:10:39 #12 type.registry] 
New type java.util.ArrayList<domain.Sale>

[2026-04-11 15:10:39 #13 type.registry] 
New type java.util.ArrayList<domain.Offer>

------------------------------------------------------------------------------------------------------------------------

[2026-04-11 15:14:59 #1 store] 
Database 'C:\Users\Iker Lerga\eclipse-workspace prueba\Market26\src\main\resources\products.temp' is opened by 10680@DESKTOP-DFS19DM

[2026-04-11 15:15:00 #2 type.registry] 
New type domain.User

[2026-04-11 15:15:00 #3 type.registry] 
New type domain.Seller

[2026-04-11 15:15:00 #4 type] 
Type domain.User is not enhanced.

[2026-04-11 15:15:00 #5 type] 
Type domain.Seller is not enhanced.

[2026-04-11 15:15:00 #6 type.registry] 
New type domain.Offer

[2026-04-11 15:15:00 #7 type.registry] 
New type domain.Sale

[2026-04-11 15:15:00 #8 type] 
Type domain.Offer is not enhanced.

[2026-04-11 15:15:00 #9 type.registry] 
New type java.util.ArrayList<java.lang.String>

[2026-04-11 15:15:00 #10 type] 
Type domain.Sale is not enhanced.

[2026-04-11 15:15:00 #11 type.registry] 
New type java.util.ArrayList<java.lang.Object>

[2026-04-11 15:15:00 #12 type.registry] 
New type java.util.ArrayList<domain.Sale>

[2026-04-11 15:15:00 #13 type.registry] 
New type java.util.ArrayList<domain.Offer>

------------------------------------------------------------------------------------------------------------------------

[2026-04-11 15:16:59 #1 store] 
Database 'C:\Users\Iker Lerga\eclipse-workspace prueba\Market26\src\main\resources\products.temp' is opened by 37640@DESKTOP-DFS19DM

[2026-04-11 15:16:59 #2 type.registry] 
New type domain.User

[2026-04-11 15:16:59 #3 type.registry] 
New type domain.Seller

[2026-04-11 15:16:59 #4 type] 
Type domain.User is not enhanced.

[2026-04-11 15:16:59 #5 type] 
Type domain.Seller is not enhanced.

[2026-04-11 15:16:59 #6 type.registry] 
New type domain.Offer

[2026-04-11 15:16:59 #7 type.registry] 
New type domain.Sale

[2026-04-11 15:16:59 #8 type] 
Type domain.Offer is not enhanced.

[2026-04-11 15:16:59 #9 type.registry] 
New type java.util.ArrayList<java.lang.String>

[2026-04-11 15:16:59 #10 type] 
Type domain.Sale is not enhanced.

[2026-04-11 15:16:59 #11 type.registry] 
New type java.util.ArrayList<java.lang.Object>

[2026-04-11 15:16:59 #12 type.registry] 
New type java.util.ArrayList<domain.Sale>

[2026-04-11 15:16:59 #13 type.registry] 
New type java.util.ArrayList<domain.Offer>

------------------------------------------------------------------------------------------------------------------------

[2026-04-11 15:19:34 #1 store] 
Database 'C:\Users\Iker Lerga\eclipse-workspace prueba\Market26\src\main\resources\products.temp' is opened by 31664@DESKTOP-DFS19DM

[2026-04-11 15:19:35 #2 type.registry] 
New type domain.User

[2026-04-11 15:19:35 #3 type.registry] 
New type domain.Seller

[2026-04-11 15:19:35 #4 type] 
Type domain.User is not enhanced.

[2026-04-11 15:19:35 #5 type] 
Type domain.Seller is not enhanced.

[2026-04-11 15:19:35 #6 type.registry] 
New type domain.Offer

[2026-04-11 15:19:35 #7 type.registry] 
New type domain.Sale

[2026-04-11 15:19:35 #8 type] 
Type domain.Offer is not enhanced.

[2026-04-11 15:19:35 #9 type.registry] 
New type java.util.ArrayList<java.lang.String>

[2026-04-11 15:19:35 #10 type] 
Type domain.Sale is not enhanced.

[2026-04-11 15:19:35 #11 type.registry] 
New type java.util.ArrayList<java.lang.Object>

[2026-04-11 15:19:35 #12 type.registry] 
New type java.util.ArrayList<domain.Sale>

[2026-04-11 15:19:35 #13 type.registry] 
New type java.util.ArrayList<domain.Offer>

------------------------------------------------------------------------------------------------------------------------

[2026-04-11 15:22:49 #1 store] 
Database 'C:\Users\Iker Lerga\eclipse-workspace prueba\Market26\src\main\resources\products.temp' is opened by 34556@DESKTOP-DFS19DM

[2026-04-11 15:22:50 #2 type.registry] 
New type domain.User

[2026-04-11 15:22:50 #3 type.registry] 
New type domain.Seller

[2026-04-11 15:22:50 #4 type] 
Type domain.User is not enhanced.

[2026-04-11 15:22:50 #5 type] 
Type domain.Seller is not enhanced.

[2026-04-11 15:22:50 #6 type.registry] 
New type domain.Offer

[2026-04-11 15:22:50 #7 type.registry] 
New type domain.Sale

[2026-04-11 15:22:50 #8 type] 
Type domain.Offer is not enhanced.

[2026-04-11 15:22:50 #9 type.registry] 
New type java.util.ArrayList<java.lang.String>

[2026-04-11 15:22:50 #10 type] 
Type domain.Sale is not enhanced.

[2026-04-11 15:22:50 #11 type.registry] 
New type java.util.ArrayList<java.lang.Object>

[2026-04-11 15:22:50 #12 type.registry] 
New type java.util.ArrayList<domain.Sale>

[2026-04-11 15:22:50 #13 type.registry] 
New type java.util.ArrayList<domain.Offer>

------------------------------------------------------------------------------------------------------------------------

[2026-04-11 15:25:49 #1 store] 
Database 'C:\Users\Iker Lerga\eclipse-workspace prueba\Market26\src\main\resources\products.temp' is opened by 5552@DESKTOP-DFS19DM

[2026-04-11 15:25:49 #2 type.registry] 
New type domain.User

[2026-04-11 15:25:49 #3 type.registry] 
New type domain.Seller

[2026-04-11 15:25:49 #4 type] 
Type domain.User is not enhanced.

[2026-04-11 15:25:49 #5 type] 
Type domain.Seller is not enhanced.

[2026-04-11 15:25:49 #6 type.registry] 
New type domain.Offer

[2026-04-11 15:25:49 #7 type.registry] 
New type domain.Sale

[2026-04-11 15:25:49 #8 type] 
Type domain.Offer is not enhanced.

[2026-04-11 15:25:49 #9 type.registry] 
New type java.util.ArrayList<java.lang.String>

[2026-04-11 15:25:49 #10 type] 
Type domain.Sale is not enhanced.

[2026-04-11 15:25:49 #11 type.registry] 
New type java.util.ArrayList<java.lang.Object>

[2026-04-11 15:25:49 #12 type.registry] 
New type java.util.ArrayList<domain.Sale>

[2026-04-11 15:25:49 #13 type.registry] 
New type java.util.ArrayList<domain.Offer>

------------------------------------------------------------------------------------------------------------------------

[2026-04-11 15:32:53 #1 store] 
Database 'C:\Users\Iker Lerga\eclipse-workspace prueba\Market26\src\main\resources\products.temp' is opened by 25736@DESKTOP-DFS19DM

[2026-04-11 15:32:53 #2 type.registry] 
New type domain.User

[2026-04-11 15:32:53 #3 type.registry] 
New type domain.Seller

[2026-04-11 15:32:53 #4 type] 
Type domain.User is not enhanced.

[2026-04-11 15:32:53 #5 type] 
Type domain.Seller is not enhanced.

[2026-04-11 15:32:54 #6 type.registry] 
New type domain.Offer

[2026-04-11 15:32:54 #7 type.registry] 
New type domain.Sale

[2026-04-11 15:32:54 #8 type] 
Type domain.Offer is not enhanced.

[2026-04-11 15:32:54 #9 type] 
Type domain.Sale is not enhanced.

[2026-04-11 15:32:54 #10 type.registry] 
New type java.util.ArrayList<java.lang.Object>

[2026-04-11 15:32:54 #11 type.registry] 
New type java.util.ArrayList<domain.Sale>

[2026-04-11 15:32:54 #12 type.registry] 
New type java.util.ArrayList<domain.Offer>

[2026-04-11 15:32:54 #13 type.registry] 
New type java.util.ArrayList<java.lang.String>

------------------------------------------------------------------------------------------------------------------------

[2026-04-11 15:35:18 #1 store] 
Database 'C:\Users\Iker Lerga\eclipse-workspace prueba\Market26\src\main\resources\products.temp' is opened by 2332@DESKTOP-DFS19DM

[2026-04-11 15:35:18 #2 type.registry] 
New type domain.User

[2026-04-11 15:35:18 #3 type.registry] 
New type domain.Seller

[2026-04-11 15:35:18 #4 type] 
Type domain.User is not enhanced.

[2026-04-11 15:35:18 #5 type] 
Type domain.Seller is not enhanced.

[2026-04-11 15:35:18 #6 type.registry] 
New type domain.Offer

[2026-04-11 15:35:18 #7 type.registry] 
New type domain.Sale

[2026-04-11 15:35:18 #8 type] 
Type domain.Offer is not enhanced.

[2026-04-11 15:35:18 #9 type] 
Type domain.Sale is not enhanced.

[2026-04-11 15:35:18 #10 type.registry] 
New type java.util.ArrayList<java.lang.Object>

[2026-04-11 15:35:18 #11 type.registry] 
New type java.util.ArrayList<domain.Sale>

[2026-04-11 15:35:18 #12 type.registry] 
New type java.util.ArrayList<domain.Offer>

[2026-04-11 15:35:18 #13 type.registry] 
New type java.util.ArrayList<java.lang.String>

------------------------------------------------------------------------------------------------------------------------

[2026-04-11 15:52:23 #1 store] 
Database 'C:\Users\Iker Lerga\eclipse-workspace prueba\Market26\src\main\resources\products.temp' is opened by 33912@DESKTOP-DFS19DM

[2026-04-11 15:52:24 #2 type.registry] 
New type domain.User

[2026-04-11 15:52:24 #3 type.registry] 
New type domain.Seller

[2026-04-11 15:52:24 #4 type] 
Type domain.User is not enhanced.

[2026-04-11 15:52:24 #5 type] 
Type domain.Seller is not enhanced.

[2026-04-11 15:52:24 #6 type.registry] 
New type domain.Offer

[2026-04-11 15:52:24 #7 type.registry] 
New type domain.Sale

[2026-04-11 15:52:24 #8 type] 
Type domain.Offer is not enhanced.

[2026-04-11 15:52:24 #9 type] 
Type domain.Sale is not enhanced.

[2026-04-11 15:52:24 #10 type.registry] 
New type java.util.ArrayList<java.lang.Object>

[2026-04-11 15:52:24 #11 type.registry] 
New type java.util.ArrayList<domain.Sale>

[2026-04-11 15:52:24 #12 type.registry] 
New type java.util.ArrayList<domain.Offer>

[2026-04-11 15:52:24 #13 type.registry] 
New type java.util.ArrayList<java.lang.String>

